2022-12-10 21:48:32 +0000  Initial pipeline context: <IDEDistributionProcessingPipelineContext: 0x7f8cd2d6dce0; archive(resolved)="<IDEArchive: 0x60002d9f1e00>", distributionTask(resolved)="2", distributionDestination(resolved)="2", distributionMethod(resolved)="<IDEDistributionMethodiOSAppStoreDistribution: 0x600003e16fe0>", team(resolved)="<IDEProvisioningDisambiguatableBasicTeam: 0x60000633efc0; teamID='N2U2FRY8UX', teamName='sari qashuw', teamType='Individual', username='sari.qashuw@gmail.com', isFreeProvisioningTeam='0'>">
	Chain (16, self inclusive):
	<IDEDistributionProcessingPipelineContext: 0x7f8cd2d6dce0; archive = "<IDEArchive: 0x60002d9f1e00>", distributionMethod="<IDEDistributionMethodiOSAppStoreDistribution: 0x600003e16fe0>", team="<IDEProvisioningDisambiguatableBasicTeam: 0x60000633efc0; teamID='N2U2FRY8UX', teamName='sari qashuw', teamType='Individual', username='sari.qashuw@gmail.com', isFreeProvisioningTeam='0'>">
	<IDEDistributionProcessingPipelineContext: 0x7f8cd498ba50; archive = "<IDEArchive: 0x60002d9f1e00>", distributionMethod="<IDEDistributionMethodiOSAppStoreDistribution: 0x600003e16fe0>", team="<IDEProvisioningDisambiguatableBasicTeam: 0x60000633efc0; teamID='N2U2FRY8UX', teamName='sari qashuw', teamType='Individual', username='sari.qashuw@gmail.com', isFreeProvisioningTeam='0'>">
	<IDEDistributionContext: 0x7f8cd7516510; archive = "<IDEArchive: 0x60002d9f1e00>", distributionMethod="<IDEDistributionMethodiOSAppStoreDistribution: 0x600003e16fe0>", team="<IDEProvisioningDisambiguatableBasicTeam: 0x60000633efc0; teamID='N2U2FRY8UX', teamName='sari qashuw', teamType='Individual', username='sari.qashuw@gmail.com', isFreeProvisioningTeam='0'>">
	<IDEDistributionContext: 0x7f8cd498c4d0; archive = "<IDEArchive: 0x60002d9f1e00>", distributionMethod="<IDEDistributionMethodiOSAppStoreDistribution: 0x600003e16fe0>", team="<IDEProvisioningDisambiguatableBasicTeam: 0x60000633efc0; teamID='N2U2FRY8UX', teamName='sari qashuw', teamType='Individual', username='sari.qashuw@gmail.com', isFreeProvisioningTeam='0'>">
	<IDEDistributionContext: 0x7f8ced860970; archive = "<IDEArchive: 0x60002d9f1e00>", distributionMethod="<IDEDistributionMethodiOSAppStoreDistribution: 0x600003e16fe0>", team="<IDEProvisioningDisambiguatableBasicTeam: 0x60000633efc0; teamID='N2U2FRY8UX', teamName='sari qashuw', teamType='Individual', username='sari.qashuw@gmail.com', isFreeProvisioningTeam='0'>">
	<IDEDistributionContext: 0x7f8ce0ee68a0; archive = "<IDEArchive: 0x60002d9f1e00>", distributionMethod="<IDEDistributionMethodiOSAppStoreDistribution: 0x600003e16fe0>", team="<IDEProvisioningDisambiguatableBasicTeam: 0x60000633efc0; teamID='N2U2FRY8UX', teamName='sari qashuw', teamType='Individual', username='sari.qashuw@gmail.com', isFreeProvisioningTeam='0'>">
	<IDEDistributionContext: 0x7f8cd2856300; archive = "<IDEArchive: 0x60002d9f1e00>", distributionMethod="<IDEDistributionMethodiOSAppStoreDistribution: 0x600003e16fe0>", team="<IDEProvisioningDisambiguatableBasicTeam: 0x60000633efc0; teamID='N2U2FRY8UX', teamName='sari qashuw', teamType='Individual', username='sari.qashuw@gmail.com', isFreeProvisioningTeam='0'>">
	<IDEDistributionContext: 0x7f8cd4b9a600; archive = "<IDEArchive: 0x60002d9f1e00>", distributionMethod="<IDEDistributionMethodiOSAppStoreDistribution: 0x600003e16fe0>", team="<IDEProvisioningDisambiguatableBasicTeam: 0x60000633efc0; teamID='N2U2FRY8UX', teamName='sari qashuw', teamType='Individual', username='sari.qashuw@gmail.com', isFreeProvisioningTeam='0'>">
	<IDEDistributionContext: 0x7f8cdc4dbeb0; archive = "<IDEArchive: 0x60002d9f1e00>", distributionMethod="<IDEDistributionMethodiOSAppStoreDistribution: 0x600003e16fe0>", team="<IDEProvisioningDisambiguatableBasicTeam: 0x60000633efc0; teamID='N2U2FRY8UX', teamName='sari qashuw', teamType='Individual', username='sari.qashuw@gmail.com', isFreeProvisioningTeam='0'>">
	<IDEDistributionContext: 0x7f8cd724c6f0; archive = "<IDEArchive: 0x60002d9f1e00>", distributionMethod="<IDEDistributionMethodiOSAppStoreDistribution: 0x600003e16fe0>", team="<IDEProvisioningDisambiguatableBasicTeam: 0x60000633efc0; teamID='N2U2FRY8UX', teamName='sari qashuw', teamType='Individual', username='sari.qashuw@gmail.com', isFreeProvisioningTeam='0'>">
	<IDEDistributionContext: 0x7f8cd0160a30; archive = "<IDEArchive: 0x60002d9f1e00>", distributionMethod="<IDEDistributionMethodiOSAppStoreDistribution: 0x600003e16fe0>", team="<IDEProvisioningDisambiguatableBasicTeam: 0x60000633efc0; teamID='N2U2FRY8UX', teamName='sari qashuw', teamType='Individual', username='sari.qashuw@gmail.com', isFreeProvisioningTeam='0'>">
	<IDEDistributionContext: 0x7f8cd2962550; archive = "<IDEArchive: 0x60002d9f1e00>", distributionMethod="<IDEDistributionMethodiOSAppStoreDistribution: 0x600003e16fe0>", team="<IDEProvisioningDisambiguatableBasicTeam: 0x60000633efc0; teamID='N2U2FRY8UX', teamName='sari qashuw', teamType='Individual', username='sari.qashuw@gmail.com', isFreeProvisioningTeam='0'>">
	<IDEDistributionContext: 0x7f8cd2d3af30; archive = "<IDEArchive: 0x60002d9f1e00>", distributionMethod="<IDEDistributionMethodiOSAppStoreDistribution: 0x600003e16fe0>", team="<IDEProvisioningDisambiguatableBasicTeam: 0x60000633efc0; teamID='N2U2FRY8UX', teamName='sari qashuw', teamType='Individual', username='sari.qashuw@gmail.com', isFreeProvisioningTeam='0'>">
	<IDEDistributionContext: 0x7f8ce0d51ab0; archive = "<IDEArchive: 0x60002d9f1e00>", distributionMethod="<IDEDistributionMethodiOSAppStoreDistribution: 0x600003e16fe0>", team="(null)">
	<IDEDistributionContext: 0x7f8cd4948b80; archive = "<IDEArchive: 0x60002d9f1e00>", distributionMethod="<IDEDistributionMethodiOSAppStoreDistribution: 0x600003e16fe0>", team="(null)">
	<IDEDistributionContext: 0x7f8cd2bc8bd0; archive = "<IDEArchive: 0x60002d9f1e00>", distributionMethod="(null)", team="(null)">
</IDEDistributionProcessingPipelineContext: 0x7f8cd2d6dce0>
2022-12-10 21:48:32 +0000  Processing step: IDEDistributionCreateDestRootStep
2022-12-10 21:48:32 +0000  Processing step: IDEDistributionCopyItemStep
2022-12-10 21:48:32 +0000  Running /usr/bin/ditto '-V' '/Users/sariq/Library/Developer/Xcode/Archives/2022-12-10/buffalo 10-12-2022, 23.48.xcarchive/Products/Applications/Buffalo.app' '/var/folders/l5/6ysx_pm11d77l7y2vgl1hjv00000gn/T/XcodeDistPipeline.~~~p9Q5Kv/Root/Payload/Buffalo.app'
2022-12-10 21:48:32 +0000  >>> Copying /Users/sariq/Library/Developer/Xcode/Archives/2022-12-10/buffalo 10-12-2022, 23.48.xcarchive/Products/Applications/Buffalo.app 
2022-12-10 21:48:32 +0000  copying file ./_CodeSignature/CodeResources ... 
2022-12-10 21:48:32 +0000  16602 bytes for ./_CodeSignature/CodeResources
2022-12-10 21:48:32 +0000  copying file ./SplashScreen.storyboardc/EXPO-VIEWCONTROLLER-1-view-EXPO-ContainerView.nib ... 
2022-12-10 21:48:32 +0000  2411 bytes for ./SplashScreen.storyboardc/EXPO-VIEWCONTROLLER-1-view-EXPO-ContainerView.nib
copying file ./SplashScreen.storyboardc/SplashScreenViewController.nib ... 
2022-12-10 21:48:32 +0000  976 bytes for ./SplashScreen.storyboardc/SplashScreenViewController.nib
2022-12-10 21:48:32 +0000  copying file ./SplashScreen.storyboardc/Info.plist ... 
2022-12-10 21:48:32 +0000  225 bytes for ./SplashScreen.storyboardc/Info.plist
2022-12-10 21:48:32 +0000  copying file ./EXUpdates.bundle/app.manifest ... 
2022-12-10 21:48:32 +0000  8831 bytes for ./EXUpdates.bundle/app.manifest
2022-12-10 21:48:32 +0000  copying file ./EXUpdates.bundle/Info.plist ... 
2022-12-10 21:48:32 +0000  764 bytes for ./EXUpdates.bundle/Info.plist
2022-12-10 21:48:32 +0000  copying file ./AppIcon60x60@2x.png ... 
2022-12-10 21:48:32 +0000  4054 bytes for ./AppIcon60x60@2x.png
2022-12-10 21:48:32 +0000  copying file ./AccessibilityResources.bundle/en.lproj/Localizable.strings ... 
2022-12-10 21:48:32 +0000  518 bytes for ./AccessibilityResources.bundle/en.lproj/Localizable.strings
2022-12-10 21:48:32 +0000  copying file ./AccessibilityResources.bundle/Info.plist ... 
2022-12-10 21:48:32 +0000  792 bytes for ./AccessibilityResources.bundle/Info.plist
2022-12-10 21:48:32 +0000  copying file ./Assets.car ... 
2022-12-10 21:48:32 +0000  495455 bytes for ./Assets.car
2022-12-10 21:48:32 +0000  copying file ./AppIcon76x76@2x~ipad.png ... 
2022-12-10 21:48:32 +0000  5415 bytes for ./AppIcon76x76@2x~ipad.png
copying file ./Buffalo ... 
2022-12-10 21:48:32 +0000  4863216 bytes for ./Buffalo
2022-12-10 21:48:32 +0000  copying file ./main.jsbundle ... 
2022-12-10 21:48:32 +0000  4235877 bytes for ./main.jsbundle
2022-12-10 21:48:32 +0000  copying file ./EXConstants.bundle/app.config ... 
2022-12-10 21:48:32 +0000  920 bytes for ./EXConstants.bundle/app.config
2022-12-10 21:48:32 +0000  copying file ./EXConstants.bundle/Info.plist ... 
2022-12-10 21:48:32 +0000  768 bytes for ./EXConstants.bundle/Info.plist
2022-12-10 21:48:32 +0000  copying file ./embedded.mobileprovision ... 
2022-12-10 21:48:32 +0000  12365 bytes for ./embedded.mobileprovision
2022-12-10 21:48:32 +0000  copying file ./assets/node_modules/@react-navigation/elements/src/assets/back-icon@3x.png ... 
2022-12-10 21:48:32 +0000  761 bytes for ./assets/node_modules/@react-navigation/elements/src/assets/back-icon@3x.png
copying file ./assets/node_modules/@react-navigation/elements/src/assets/back-icon@2x.png ... 
2022-12-10 21:48:32 +0000  405 bytes for ./assets/node_modules/@react-navigation/elements/src/assets/back-icon@2x.png
2022-12-10 21:48:32 +0000  copying file ./assets/node_modules/@react-navigation/elements/src/assets/back-icon.png ... 
2022-12-10 21:48:32 +0000  290 bytes for ./assets/node_modules/@react-navigation/elements/src/assets/back-icon.png
copying file ./assets/node_modules/@react-navigation/elements/src/assets/back-icon-mask.png ... 
2022-12-10 21:48:32 +0000  913 bytes for ./assets/node_modules/@react-navigation/elements/src/assets/back-icon-mask.png
2022-12-10 21:48:32 +0000  copying file ./assets/node_modules/react-native-paper/src/assets/back-chevron.png ... 
2022-12-10 21:48:32 +0000  489 bytes for ./assets/node_modules/react-native-paper/src/assets/back-chevron.png
2022-12-10 21:48:32 +0000  copying file ./assets/node_modules/@expo/vector-icons/build/vendor/react-native-vector-icons/Fonts/MaterialCommunityIcons.ttf ... 
2022-12-10 21:48:32 +0000  1147844 bytes for ./assets/node_modules/@expo/vector-icons/build/vendor/react-native-vector-icons/Fonts/MaterialCommunityIcons.ttf
2022-12-10 21:48:32 +0000  copying file ./assets/assets/menu/gradiant/truffle.png ... 
2022-12-10 21:48:32 +0000  901656 bytes for ./assets/assets/menu/gradiant/truffle.png
2022-12-10 21:48:32 +0000  copying file ./assets/assets/menu/gradiant/burgerSlice.png ... 
2022-12-10 21:48:32 +0000  1801608 bytes for ./assets/assets/menu/gradiant/burgerSlice.png
2022-12-10 21:48:32 +0000  copying file ./assets/assets/menu/gradiant/cheese.png ... 
2022-12-10 21:48:32 +0000  417121 bytes for ./assets/assets/menu/gradiant/cheese.png
2022-12-10 21:48:32 +0000  copying file ./assets/assets/menu/gradiant/friedOnion.png ... 
2022-12-10 21:48:32 +0000  1415724 bytes for ./assets/assets/menu/gradiant/friedOnion.png
2022-12-10 21:48:32 +0000  copying file ./assets/assets/menu/gradiant/baecon.png ... 
2022-12-10 21:48:32 +0000  1494298 bytes for ./assets/assets/menu/gradiant/baecon.png
2022-12-10 21:48:32 +0000  copying file ./assets/assets/menu/gradiant/jalapeno.png ... 
2022-12-10 21:48:32 +0000  1798129 bytes for ./assets/assets/menu/gradiant/jalapeno.png
copying file ./assets/assets/menu/gradiant/egg.png ... 
2022-12-10 21:48:32 +0000  708148 bytes for ./assets/assets/menu/gradiant/egg.png
2022-12-10 21:48:32 +0000  copying file ./assets/assets/menu/burgers/cheesyBurger.png ... 
2022-12-10 21:48:32 +0000  1578717 bytes for ./assets/assets/menu/burgers/cheesyBurger.png
2022-12-10 21:48:32 +0000  copying file ./assets/assets/menu/burgers/chickenBurger.png ... 
2022-12-10 21:48:32 +0000  2075893 bytes for ./assets/assets/menu/burgers/chickenBurger.png
2022-12-10 21:48:32 +0000  copying file ./assets/assets/menu/burgers/baconBurger.png ... 
2022-12-10 21:48:32 +0000  2220454 bytes for ./assets/assets/menu/burgers/baconBurger.png
2022-12-10 21:48:32 +0000  copying file ./assets/assets/menu/burgers/classicBurger.png ... 
2022-12-10 21:48:32 +0000  1732966 bytes for ./assets/assets/menu/burgers/classicBurger.png
2022-12-10 21:48:32 +0000  copying file ./assets/assets/menu/burgers/cheesyCartel.png ... 
2022-12-10 21:48:32 +0000  1525089 bytes for ./assets/assets/menu/burgers/cheesyCartel.png
copying file ./assets/assets/menu/burgers/cheesyCrispy.png ... 
2022-12-10 21:48:32 +0000  1754083 bytes for ./assets/assets/menu/burgers/cheesyCrispy.png
2022-12-10 21:48:32 +0000  copying file ./assets/assets/menu/burgers/buffaloBurger.png ... 
2022-12-10 21:48:32 +0000  2386961 bytes for ./assets/assets/menu/burgers/buffaloBurger.png
2022-12-10 21:48:32 +0000  copying file ./assets/assets/menu/burgers/havaneroBurger.png ... 
2022-12-10 21:48:32 +0000  1957683 bytes for ./assets/assets/menu/burgers/havaneroBurger.png
copying file ./assets/assets/menu/burgers/spiceyCrispy.png ... 
2022-12-10 21:48:32 +0000  1689204 bytes for ./assets/assets/menu/burgers/spiceyCrispy.png
2022-12-10 21:48:32 +0000  copying file ./assets/assets/burj.png ... 
2022-12-10 21:48:32 +0000  3000525 bytes for ./assets/assets/burj.png
2022-12-10 21:48:32 +0000  copying file ./assets/assets/buffalo_logo.png ... 
3120 bytes for ./assets/assets/buffalo_logo.png
copying file ./assets/assets/splash-screen-1.png ... 
2022-12-10 21:48:32 +0000  229341 bytes for ./assets/assets/splash-screen-1.png
copying file ./assets/assets/logo-banner.png ... 
2022-12-10 21:48:32 +0000  32899 bytes for ./assets/assets/logo-banner.png
2022-12-10 21:48:32 +0000  copying file ./assets/assets/fonts/he/Light.ttf ... 
2022-12-10 21:48:32 +0000  123476 bytes for ./assets/assets/fonts/he/Light.ttf
2022-12-10 21:48:32 +0000  copying file ./assets/assets/fonts/he/SemiBold.ttf ... 
2022-12-10 21:48:32 +0000  124164 bytes for ./assets/assets/fonts/he/SemiBold.ttf
2022-12-10 21:48:32 +0000  copying file ./assets/assets/fonts/he/Medium.ttf ... 
2022-12-10 21:48:32 +0000  124176 bytes for ./assets/assets/fonts/he/Medium.ttf
2022-12-10 21:48:32 +0000  copying file ./assets/assets/fonts/he/Black.ttf ... 
2022-12-10 21:48:32 +0000  123660 bytes for ./assets/assets/fonts/he/Black.ttf
2022-12-10 21:48:32 +0000  copying file ./assets/assets/fonts/he/ExtraBold.ttf ... 
2022-12-10 21:48:32 +0000  123964 bytes for ./assets/assets/fonts/he/ExtraBold.ttf
2022-12-10 21:48:32 +0000  copying file ./assets/assets/fonts/he/Bold.ttf ... 
2022-12-10 21:48:32 +0000  124096 bytes for ./assets/assets/fonts/he/Bold.ttf
2022-12-10 21:48:32 +0000  copying file ./assets/assets/fonts/he/Regular.ttf ... 
2022-12-10 21:48:32 +0000  124236 bytes for ./assets/assets/fonts/he/Regular.ttf
2022-12-10 21:48:32 +0000  copying file ./assets/assets/fonts/ar/Light.ttf ... 
2022-12-10 21:48:32 +0000  202912 bytes for ./assets/assets/fonts/ar/Light.ttf
2022-12-10 21:48:32 +0000  copying file ./assets/assets/fonts/ar/SemiBold.ttf ... 
2022-12-10 21:48:32 +0000  201248 bytes for ./assets/assets/fonts/ar/SemiBold.ttf
2022-12-10 21:48:32 +0000  copying file ./assets/assets/fonts/ar/Medium.ttf ... 
2022-12-10 21:48:32 +0000  202276 bytes for ./assets/assets/fonts/ar/Medium.ttf
2022-12-10 21:48:32 +0000  copying file ./assets/assets/fonts/ar/Black.ttf ... 
2022-12-10 21:48:32 +0000  206052 bytes for ./assets/assets/fonts/ar/Black.ttf
2022-12-10 21:48:32 +0000  copying file ./assets/assets/fonts/ar/ExtraBold.ttf ... 
2022-12-10 21:48:32 +0000  202044 bytes for ./assets/assets/fonts/ar/ExtraBold.ttf
2022-12-10 21:48:32 +0000  copying file ./assets/assets/fonts/ar/Bold.ttf ... 
2022-12-10 21:48:32 +0000  202012 bytes for ./assets/assets/fonts/ar/Bold.ttf
2022-12-10 21:48:32 +0000  copying file ./assets/assets/fonts/ar/Regular.ttf ... 
2022-12-10 21:48:32 +0000  201456 bytes for ./assets/assets/fonts/ar/Regular.ttf
2022-12-10 21:48:32 +0000  copying file ./Info.plist ... 
2022-12-10 21:48:32 +0000  1893 bytes for ./Info.plist
2022-12-10 21:48:32 +0000  copying file ./Expo.plist ... 
2022-12-10 21:48:32 +0000  243 bytes for ./Expo.plist
2022-12-10 21:48:32 +0000  copying file ./PkgInfo ... 
2022-12-10 21:48:32 +0000  8 bytes for ./PkgInfo
2022-12-10 21:48:32 +0000  /usr/bin/ditto exited with 0
2022-12-10 21:48:32 +0000  Processing step: IDEDistributionEmbedProfileStep
2022-12-10 21:48:32 +0000  Processing step: IDEDistributionInfoPlistStep
2022-12-10 21:48:32 +0000  Processing step: IDEDistributionItemRemovalStep
2022-12-10 21:48:32 +0000  Processing step: IDEDistributionAppThinningPlistStep
2022-12-10 21:48:32 +0000  Skipping step: IDEDistributionAppThinningPlistStep because it said so
2022-12-10 21:48:32 +0000  Processing step: IDEDistributionCompileBitcodeStep
2022-12-10 21:48:32 +0000  Skipping step: IDEDistributionCompileBitcodeStep because it said so
2022-12-10 21:48:32 +0000  Processing step: IDEDistributionCodeSlimmingStep
2022-12-10 21:48:32 +0000  Processing step: IDEDistributionCopyBCSymbolMapsStep
2022-12-10 21:48:32 +0000  Processing step: IDEDistributionSymbolsStep
2022-12-10 21:48:32 +0000  Processing symbols for Buffalo.app
2022-12-10 21:48:32 +0000  Running /usr/bin/rsync '-8aPhhE' '/var/folders/l5/6ysx_pm11d77l7y2vgl1hjv00000gn/T/XcodeDistPipeline.~~~p9Q5Kv/Root/Payload/Buffalo.app' '--link-dest' '/var/folders/l5/6ysx_pm11d77l7y2vgl1hjv00000gn/T/XcodeDistPipeline.~~~p9Q5Kv/Root/Payload' '/var/folders/l5/6ysx_pm11d77l7y2vgl1hjv00000gn/T/XcodeDistPipeline.~~~p9Q5Kv'
2022-12-10 21:48:32 +0000  building file list ... 
2022-12-10 21:48:32 +0000   0 files...2022-12-10 21:48:32 +0000  88 files to consider
2022-12-10 21:48:32 +0000  Buffalo.app/
2022-12-10 21:48:32 +0000  Buffalo.app/AccessibilityResources.bundle/
Buffalo.app/AccessibilityResources.bundle/en.lproj/
Buffalo.app/EXConstants.bundle/
Buffalo.app/EXUpdates.bundle/
Buffalo.app/SplashScreen.storyboardc/
Buffalo.app/_CodeSignature/
Buffalo.app/assets/
Buffalo.app/assets/assets/
Buffalo.app/assets/assets/fonts/
Buffalo.app/assets/assets/fonts/ar/
Buffalo.app/assets/assets/fonts/he/
2022-12-10 21:48:32 +0000  Buffalo.app/assets/assets/menu/
Buffalo.app/assets/assets/menu/burgers/
Buffalo.app/assets/assets/menu/gradiant/
Buffalo.app/assets/node_modules/
Buffalo.app/assets/node_modules/@expo/
Buffalo.app/assets/node_modules/@expo/vector-icons/
Buffalo.app/assets/node_modules/@expo/vector-icons/build/
Buffalo.app/assets/node_modules/@expo/vector-icons/build/vendor/
Buffalo.app/assets/node_modules/@expo/vector-icons/build/vendor/react-native-vector-icons/
Buffalo.app/assets/node_modules/@expo/vector-icons/build/vendor/react-native-vector-icons/Fonts/
Buffalo.app/assets/node_modules/@react-navigation/
Buffalo.app/assets/node_modules/@react-navigation/elements/
Buffalo.app/assets/node_modules/@react-navigation/elements/src/
Buffalo.app/assets/node_modules/@react-navigation/elements/src/assets/
Buffalo.app/assets/node_modules/react-native-paper/
Buffalo.app/assets/node_modules/react-native-paper/src/
Buffalo.app/assets/node_modules/react-native-paper/src/assets/
2022-12-10 21:48:32 +0000  
sent 2.37K bytes  received 194 bytes  5.12K bytes/sec
2022-12-10 21:48:32 +0000  total size is 39.88M  speedup is 15935.75
2022-12-10 21:48:32 +0000  /usr/bin/rsync exited with 0
2022-12-10 21:48:32 +0000  Running /usr/bin/rsync '-8aPhhE' '/Users/sariq/Library/Developer/Xcode/Archives/2022-12-10/buffalo 10-12-2022, 23.48.xcarchive/dSYMs/' '--link-dest' '/Users/sariq/Library/Developer/Xcode/Archives/2022-12-10/buffalo 10-12-2022, 23.48.xcarchive/dSYMs/' '/var/folders/l5/6ysx_pm11d77l7y2vgl1hjv00000gn/T/XcodeDistPipeline.~~~p9Q5Kv'
2022-12-10 21:48:32 +0000  building file list ... 
2022-12-10 21:48:32 +0000   0 files...2022-12-10 21:48:32 +0000  7 files to consider
2022-12-10 21:48:32 +0000  ./
2022-12-10 21:48:32 +0000  Buffalo.app.dSYM/
Buffalo.app.dSYM/Contents/
Buffalo.app.dSYM/Contents/Resources/
Buffalo.app.dSYM/Contents/Resources/DWARF/
2022-12-10 21:48:32 +0000  
sent 238 bytes  received 50 bytes  576.00 bytes/sec
total size is 44.59M  speedup is 162358.40
2022-12-10 21:48:32 +0000  /usr/bin/rsync exited with 0
2022-12-10 21:48:33 +0000  Writing /var/folders/l5/6ysx_pm11d77l7y2vgl1hjv00000gn/T/XcodeDistPipeline.~~~p9Q5Kv/Symbols/8F934CBA-4412-3D5B-A7C5-8C9266424DCC.symbols
2022-12-10 21:48:33 +0000  Processing step: IDEDistributionCopyAppleProvidedContentStep
2022-12-10 21:48:33 +0000  Processing step: IDEDistributionAppThinningStep
2022-12-10 21:48:33 +0000  Skipping step: IDEDistributionAppThinningStep because it said so
2022-12-10 21:48:33 +0000  Processing step: IDEDistributionArchThinningStep
2022-12-10 21:48:33 +0000  Running /Users/sariq/Downloads/Xcode.app/Contents/Developer/Toolchains/XcodeDefault.xctoolchain/usr/bin/lipo '/var/folders/l5/6ysx_pm11d77l7y2vgl1hjv00000gn/T/XcodeDistPipeline.~~~p9Q5Kv/Root/Payload/Buffalo.app/Buffalo' '-verify_arch' 'arm64e'
2022-12-10 21:48:33 +0000  /Users/sariq/Downloads/Xcode.app/Contents/Developer/Toolchains/XcodeDefault.xctoolchain/usr/bin/lipo exited with 1
2022-12-10 21:48:33 +0000  Skipping architecture thinning for item "Buffalo" because arch "arm64e" wasn't found
2022-12-10 21:48:33 +0000  Processing step: IDEDistributionODRStep
2022-12-10 21:48:33 +0000  Processing step: IDEDistributionStripXattrsStep
2022-12-10 21:48:33 +0000  Running /usr/bin/xattr '-crs' '/var/folders/l5/6ysx_pm11d77l7y2vgl1hjv00000gn/T/XcodeDistPipeline.~~~p9Q5Kv/Root/Payload/Buffalo.app'
2022-12-10 21:48:33 +0000  /usr/bin/xattr exited with 0
2022-12-10 21:48:33 +0000  Processing step: IDEDistributionCodesignStep
2022-12-10 21:48:33 +0000  Entitlements for <IDEDistributionItem: 0x60002d660f00; bundleID='com.sariq.buffalo', path='<DVTFilePath:0x60001554c230:'/Users/sariq/Library/Developer/Xcode/Archives/2022-12-10/buffalo 10-12-2022, 23.48.xcarchive/Products/Applications/Buffalo.app'>', codeSigningInfo='<_DVTCodeSigningInformation_Path: 0x600025fd7cf0; isSigned='1', isAdHocSigned='0', signingCertificate='<DVTSigningCertificate: 0x600008b8bb20; name='Apple Development: sari qashuw (7CNF47MH6L)', hash='74F494C2E08BA16D54CE799C5E8028FC1C256980', serialNumber='3F0FB4E1D760286BD03F411A8A3276D8', certificateKinds='(
    "1.2.840.113635.100.6.1.12",
    "1.2.840.113635.100.6.1.2"
), issueDate='2022-12-05 18:12:09 +0000''>', entitlements='{
    "application-identifier" = "N2U2FRY8UX.com.sariq.buffalo";
    "aps-environment" = development;
    "com.apple.developer.team-identifier" = N2U2FRY8UX;
    "get-task-allow" = 1;
}', teamID='N2U2FRY8UX', identifier='com.sariq.buffalo', executablePath='<DVTFilePath:0x60002d9fd8c0:'/Users/sariq/Library/Developer/Xcode/Archives/2022-12-10/buffalo 10-12-2022, 23.48.xcarchive/Products/Applications/Buffalo.app/Buffalo'>', hardenedRuntime='0'>'>: {
    "application-identifier" = "N2U2FRY8UX.com.sariq.buffalo";
    "aps-environment" = production;
    "beta-reports-active" = 1;
    "com.apple.developer.team-identifier" = N2U2FRY8UX;
    "get-task-allow" = 0;
}
2022-12-10 21:48:33 +0000  Entitlements for <IDEDistributionItem: 0x60002d660f00; bundleID='com.sariq.buffalo', path='<DVTFilePath:0x60001554c230:'/Users/sariq/Library/Developer/Xcode/Archives/2022-12-10/buffalo 10-12-2022, 23.48.xcarchive/Products/Applications/Buffalo.app'>', codeSigningInfo='<_DVTCodeSigningInformation_Path: 0x600025fd7cf0; isSigned='1', isAdHocSigned='0', signingCertificate='<DVTSigningCertificate: 0x600008b68160; name='Apple Development: sari qashuw (7CNF47MH6L)', hash='74F494C2E08BA16D54CE799C5E8028FC1C256980', serialNumber='3F0FB4E1D760286BD03F411A8A3276D8', certificateKinds='(
    "1.2.840.113635.100.6.1.12",
    "1.2.840.113635.100.6.1.2"
), issueDate='2022-12-05 18:12:09 +0000''>', entitlements='{
    "application-identifier" = "N2U2FRY8UX.com.sariq.buffalo";
    "aps-environment" = development;
    "com.apple.developer.team-identifier" = N2U2FRY8UX;
    "get-task-allow" = 1;
}', teamID='N2U2FRY8UX', identifier='com.sariq.buffalo', executablePath='<DVTFilePath:0x60002d9fd8c0:'/Users/sariq/Library/Developer/Xcode/Archives/2022-12-10/buffalo 10-12-2022, 23.48.xcarchive/Products/Applications/Buffalo.app/Buffalo'>', hardenedRuntime='0'>'> are: {
    "application-identifier" = "N2U2FRY8UX.com.sariq.buffalo";
    "aps-environment" = production;
    "beta-reports-active" = 1;
    "com.apple.developer.team-identifier" = N2U2FRY8UX;
    "get-task-allow" = 0;
}
2022-12-10 21:48:33 +0000  Writing entitlements for <IDEDistributionItem: 0x60002d660f00; bundleID='com.sariq.buffalo', path='<DVTFilePath:0x60001554c230:'/Users/sariq/Library/Developer/Xcode/Archives/2022-12-10/buffalo 10-12-2022, 23.48.xcarchive/Products/Applications/Buffalo.app'>', codeSigningInfo='<_DVTCodeSigningInformation_Path: 0x600025fd7cf0; isSigned='1', isAdHocSigned='0', signingCertificate='<DVTSigningCertificate: 0x600008b713f0; name='Apple Development: sari qashuw (7CNF47MH6L)', hash='74F494C2E08BA16D54CE799C5E8028FC1C256980', serialNumber='3F0FB4E1D760286BD03F411A8A3276D8', certificateKinds='(
    "1.2.840.113635.100.6.1.12",
    "1.2.840.113635.100.6.1.2"
), issueDate='2022-12-05 18:12:09 +0000''>', entitlements='{
    "application-identifier" = "N2U2FRY8UX.com.sariq.buffalo";
    "aps-environment" = development;
    "com.apple.developer.team-identifier" = N2U2FRY8UX;
    "get-task-allow" = 1;
}', teamID='N2U2FRY8UX', identifier='com.sariq.buffalo', executablePath='<DVTFilePath:0x60002d9fd8c0:'/Users/sariq/Library/Developer/Xcode/Archives/2022-12-10/buffalo 10-12-2022, 23.48.xcarchive/Products/Applications/Buffalo.app/Buffalo'>', hardenedRuntime='0'>'> to: /var/folders/l5/6ysx_pm11d77l7y2vgl1hjv00000gn/T/XcodeDistPipeline.~~~p9Q5Kv/entitlements~~~pBnajs
2022-12-10 21:48:33 +0000  Running /usr/bin/codesign '-vvv' '--force' '--sign' 'B8AD874F3E20413105ECB5F8AD5A20810FEB1288' '--entitlements' '/var/folders/l5/6ysx_pm11d77l7y2vgl1hjv00000gn/T/XcodeDistPipeline.~~~p9Q5Kv/entitlements~~~pBnajs' '--generate-entitlement-der' '--preserve-metadata=identifier,flags,runtime' '/var/folders/l5/6ysx_pm11d77l7y2vgl1hjv00000gn/T/XcodeDistPipeline.~~~p9Q5Kv/Root/Payload/Buffalo.app'
2022-12-10 21:48:33 +0000  /var/folders/l5/6ysx_pm11d77l7y2vgl1hjv00000gn/T/XcodeDistPipeline.~~~p9Q5Kv/Root/Payload/Buffalo.app: replacing existing signature
2022-12-10 21:48:33 +0000  /var/folders/l5/6ysx_pm11d77l7y2vgl1hjv00000gn/T/XcodeDistPipeline.~~~p9Q5Kv/Root/Payload/Buffalo.app: signed app bundle with Mach-O thin (arm64) [com.sariq.buffalo]
2022-12-10 21:48:33 +0000  /usr/bin/codesign exited with 0
2022-12-10 21:48:33 +0000  Processing step: IDEDistributionZipODRItemStep
2022-12-10 21:48:33 +0000  Skipping step: IDEDistributionZipODRItemStep because it said so
2022-12-10 21:48:33 +0000  Processing step: IDEDistributionCreateIPAStep
2022-12-10 21:48:33 +0000  Running /usr/bin/rsync '-8aPhhE' '/var/folders/l5/6ysx_pm11d77l7y2vgl1hjv00000gn/T/XcodeDistPipeline.~~~p9Q5Kv/Symbols' '--link-dest' '/var/folders/l5/6ysx_pm11d77l7y2vgl1hjv00000gn/T/XcodeDistPipeline.~~~p9Q5Kv' '/var/folders/l5/6ysx_pm11d77l7y2vgl1hjv00000gn/T/XcodeDistPipeline.~~~p9Q5Kv/Root'
2022-12-10 21:48:33 +0000  building file list ... 
2022-12-10 21:48:33 +0000   0 files...2022-12-10 21:48:33 +0000  2 files to consider
2022-12-10 21:48:33 +0000  Symbols/
2022-12-10 21:48:33 +0000  
sent 142 bytes  received 26 bytes  336.00 bytes/sec
total size is 11.66M  speedup is 72796.50
2022-12-10 21:48:33 +0000  /usr/bin/rsync exited with 0
2022-12-10 21:48:33 +0000  Running /usr/bin/ditto '-V' '-c' '-k' '--norsrc' '/var/folders/l5/6ysx_pm11d77l7y2vgl1hjv00000gn/T/XcodeDistPipeline.~~~p9Q5Kv/Root' '/var/folders/l5/6ysx_pm11d77l7y2vgl1hjv00000gn/T/XcodeDistPipeline.~~~p9Q5Kv/Packages/Buffalo.ipa'
2022-12-10 21:48:33 +0000  >>> Copying /var/folders/l5/6ysx_pm11d77l7y2vgl1hjv00000gn/T/XcodeDistPipeline.~~~p9Q5Kv/Root 
2022-12-10 21:48:33 +0000  copying file ./Payload/Buffalo.app/_CodeSignature/CodeResources ... 
2022-12-10 21:48:33 +0000  16602 bytes for ./Payload/Buffalo.app/_CodeSignature/CodeResources
2022-12-10 21:48:33 +0000  copying file ./Payload/Buffalo.app/SplashScreen.storyboardc/EXPO-VIEWCONTROLLER-1-view-EXPO-ContainerView.nib ... 
2022-12-10 21:48:33 +0000  2411 bytes for ./Payload/Buffalo.app/SplashScreen.storyboardc/EXPO-VIEWCONTROLLER-1-view-EXPO-ContainerView.nib
2022-12-10 21:48:33 +0000  copying file ./Payload/Buffalo.app/SplashScreen.storyboardc/SplashScreenViewController.nib ... 
2022-12-10 21:48:33 +0000  976 bytes for ./Payload/Buffalo.app/SplashScreen.storyboardc/SplashScreenViewController.nib
copying file ./Payload/Buffalo.app/SplashScreen.storyboardc/Info.plist ... 
2022-12-10 21:48:33 +0000  225 bytes for ./Payload/Buffalo.app/SplashScreen.storyboardc/Info.plist
copying file ./Payload/Buffalo.app/EXUpdates.bundle/app.manifest ... 
2022-12-10 21:48:33 +0000  8831 bytes for ./Payload/Buffalo.app/EXUpdates.bundle/app.manifest
copying file ./Payload/Buffalo.app/EXUpdates.bundle/Info.plist ... 
2022-12-10 21:48:33 +0000  764 bytes for ./Payload/Buffalo.app/EXUpdates.bundle/Info.plist
2022-12-10 21:48:33 +0000  copying file ./Payload/Buffalo.app/AppIcon60x60@2x.png ... 
2022-12-10 21:48:33 +0000  4054 bytes for ./Payload/Buffalo.app/AppIcon60x60@2x.png
2022-12-10 21:48:33 +0000  copying file ./Payload/Buffalo.app/AccessibilityResources.bundle/en.lproj/Localizable.strings ... 
2022-12-10 21:48:33 +0000  518 bytes for ./Payload/Buffalo.app/AccessibilityResources.bundle/en.lproj/Localizable.strings
2022-12-10 21:48:33 +0000  copying file ./Payload/Buffalo.app/AccessibilityResources.bundle/Info.plist ... 
2022-12-10 21:48:33 +0000  792 bytes for ./Payload/Buffalo.app/AccessibilityResources.bundle/Info.plist
2022-12-10 21:48:33 +0000  copying file ./Payload/Buffalo.app/Assets.car ... 
2022-12-10 21:48:34 +0000  495455 bytes for ./Payload/Buffalo.app/Assets.car
2022-12-10 21:48:34 +0000  copying file ./Payload/Buffalo.app/AppIcon76x76@2x~ipad.png ... 
2022-12-10 21:48:34 +0000  5415 bytes for ./Payload/Buffalo.app/AppIcon76x76@2x~ipad.png
copying file ./Payload/Buffalo.app/Buffalo ... 
2022-12-10 21:48:34 +0000  4863280 bytes for ./Payload/Buffalo.app/Buffalo
2022-12-10 21:48:34 +0000  copying file ./Payload/Buffalo.app/main.jsbundle ... 
2022-12-10 21:48:34 +0000  4235877 bytes for ./Payload/Buffalo.app/main.jsbundle
2022-12-10 21:48:34 +0000  copying file ./Payload/Buffalo.app/EXConstants.bundle/app.config ... 
2022-12-10 21:48:34 +0000  920 bytes for ./Payload/Buffalo.app/EXConstants.bundle/app.config
copying file ./Payload/Buffalo.app/EXConstants.bundle/Info.plist ... 
2022-12-10 21:48:34 +0000  768 bytes for ./Payload/Buffalo.app/EXConstants.bundle/Info.plist
copying file ./Payload/Buffalo.app/embedded.mobileprovision ... 
2022-12-10 21:48:34 +0000  16328 bytes for ./Payload/Buffalo.app/embedded.mobileprovision
2022-12-10 21:48:34 +0000  copying file ./Payload/Buffalo.app/assets/node_modules/@react-navigation/elements/src/assets/back-icon@3x.png ... 
2022-12-10 21:48:34 +0000  761 bytes for ./Payload/Buffalo.app/assets/node_modules/@react-navigation/elements/src/assets/back-icon@3x.png
2022-12-10 21:48:34 +0000  copying file ./Payload/Buffalo.app/assets/node_modules/@react-navigation/elements/src/assets/back-icon@2x.png ... 
2022-12-10 21:48:34 +0000  405 bytes for ./Payload/Buffalo.app/assets/node_modules/@react-navigation/elements/src/assets/back-icon@2x.png
copying file ./Payload/Buffalo.app/assets/node_modules/@react-navigation/elements/src/assets/back-icon.png ... 
2022-12-10 21:48:34 +0000  290 bytes for ./Payload/Buffalo.app/assets/node_modules/@react-navigation/elements/src/assets/back-icon.png
copying file ./Payload/Buffalo.app/assets/node_modules/@react-navigation/elements/src/assets/back-icon-mask.png ... 
2022-12-10 21:48:34 +0000  913 bytes for ./Payload/Buffalo.app/assets/node_modules/@react-navigation/elements/src/assets/back-icon-mask.png
2022-12-10 21:48:34 +0000  copying file ./Payload/Buffalo.app/assets/node_modules/react-native-paper/src/assets/back-chevron.png ... 
2022-12-10 21:48:34 +0000  489 bytes for ./Payload/Buffalo.app/assets/node_modules/react-native-paper/src/assets/back-chevron.png
2022-12-10 21:48:34 +0000  copying file ./Payload/Buffalo.app/assets/node_modules/@expo/vector-icons/build/vendor/react-native-vector-icons/Fonts/MaterialCommunityIcons.ttf ... 
2022-12-10 21:48:34 +0000  1147844 bytes for ./Payload/Buffalo.app/assets/node_modules/@expo/vector-icons/build/vendor/react-native-vector-icons/Fonts/MaterialCommunityIcons.ttf
2022-12-10 21:48:34 +0000  copying file ./Payload/Buffalo.app/assets/assets/menu/gradiant/truffle.png ... 
2022-12-10 21:48:34 +0000  901656 bytes for ./Payload/Buffalo.app/assets/assets/menu/gradiant/truffle.png
2022-12-10 21:48:34 +0000  copying file ./Payload/Buffalo.app/assets/assets/menu/gradiant/burgerSlice.png ... 
2022-12-10 21:48:34 +0000  1801608 bytes for ./Payload/Buffalo.app/assets/assets/menu/gradiant/burgerSlice.png
2022-12-10 21:48:34 +0000  copying file ./Payload/Buffalo.app/assets/assets/menu/gradiant/cheese.png ... 
2022-12-10 21:48:34 +0000  417121 bytes for ./Payload/Buffalo.app/assets/assets/menu/gradiant/cheese.png
copying file ./Payload/Buffalo.app/assets/assets/menu/gradiant/friedOnion.png ... 
2022-12-10 21:48:34 +0000  1415724 bytes for ./Payload/Buffalo.app/assets/assets/menu/gradiant/friedOnion.png
copying file ./Payload/Buffalo.app/assets/assets/menu/gradiant/baecon.png ... 
2022-12-10 21:48:34 +0000  1494298 bytes for ./Payload/Buffalo.app/assets/assets/menu/gradiant/baecon.png
2022-12-10 21:48:34 +0000  copying file ./Payload/Buffalo.app/assets/assets/menu/gradiant/jalapeno.png ... 
2022-12-10 21:48:34 +0000  1798129 bytes for ./Payload/Buffalo.app/assets/assets/menu/gradiant/jalapeno.png
copying file ./Payload/Buffalo.app/assets/assets/menu/gradiant/egg.png ... 
2022-12-10 21:48:34 +0000  708148 bytes for ./Payload/Buffalo.app/assets/assets/menu/gradiant/egg.png
2022-12-10 21:48:34 +0000  copying file ./Payload/Buffalo.app/assets/assets/menu/burgers/cheesyBurger.png ... 
2022-12-10 21:48:34 +0000  1578717 bytes for ./Payload/Buffalo.app/assets/assets/menu/burgers/cheesyBurger.png
2022-12-10 21:48:34 +0000  copying file ./Payload/Buffalo.app/assets/assets/menu/burgers/chickenBurger.png ... 
2022-12-10 21:48:34 +0000  2075893 bytes for ./Payload/Buffalo.app/assets/assets/menu/burgers/chickenBurger.png
2022-12-10 21:48:34 +0000  copying file ./Payload/Buffalo.app/assets/assets/menu/burgers/baconBurger.png ... 
2022-12-10 21:48:34 +0000  2220454 bytes for ./Payload/Buffalo.app/assets/assets/menu/burgers/baconBurger.png
2022-12-10 21:48:34 +0000  copying file ./Payload/Buffalo.app/assets/assets/menu/burgers/classicBurger.png ... 
2022-12-10 21:48:34 +0000  1732966 bytes for ./Payload/Buffalo.app/assets/assets/menu/burgers/classicBurger.png
2022-12-10 21:48:34 +0000  copying file ./Payload/Buffalo.app/assets/assets/menu/burgers/cheesyCartel.png ... 
2022-12-10 21:48:34 +0000  1525089 bytes for ./Payload/Buffalo.app/assets/assets/menu/burgers/cheesyCartel.png
2022-12-10 21:48:34 +0000  copying file ./Payload/Buffalo.app/assets/assets/menu/burgers/cheesyCrispy.png ... 
2022-12-10 21:48:34 +0000  1754083 bytes for ./Payload/Buffalo.app/assets/assets/menu/burgers/cheesyCrispy.png
2022-12-10 21:48:34 +0000  copying file ./Payload/Buffalo.app/assets/assets/menu/burgers/buffaloBurger.png ... 
2022-12-10 21:48:34 +0000  2386961 bytes for ./Payload/Buffalo.app/assets/assets/menu/burgers/buffaloBurger.png
2022-12-10 21:48:34 +0000  copying file ./Payload/Buffalo.app/assets/assets/menu/burgers/havaneroBurger.png ... 
2022-12-10 21:48:34 +0000  1957683 bytes for ./Payload/Buffalo.app/assets/assets/menu/burgers/havaneroBurger.png
2022-12-10 21:48:34 +0000  copying file ./Payload/Buffalo.app/assets/assets/menu/burgers/spiceyCrispy.png ... 
2022-12-10 21:48:35 +0000  1689204 bytes for ./Payload/Buffalo.app/assets/assets/menu/burgers/spiceyCrispy.png
2022-12-10 21:48:35 +0000  copying file ./Payload/Buffalo.app/assets/assets/burj.png ... 
2022-12-10 21:48:35 +0000  3000525 bytes for ./Payload/Buffalo.app/assets/assets/burj.png
2022-12-10 21:48:35 +0000  copying file ./Payload/Buffalo.app/assets/assets/buffalo_logo.png ... 
3120 bytes for ./Payload/Buffalo.app/assets/assets/buffalo_logo.png
2022-12-10 21:48:35 +0000  copying file ./Payload/Buffalo.app/assets/assets/splash-screen-1.png ... 
2022-12-10 21:48:35 +0000  229341 bytes for ./Payload/Buffalo.app/assets/assets/splash-screen-1.png
2022-12-10 21:48:35 +0000  copying file ./Payload/Buffalo.app/assets/assets/logo-banner.png ... 
2022-12-10 21:48:35 +0000  32899 bytes for ./Payload/Buffalo.app/assets/assets/logo-banner.png
2022-12-10 21:48:35 +0000  copying file ./Payload/Buffalo.app/assets/assets/fonts/he/Light.ttf ... 
2022-12-10 21:48:35 +0000  123476 bytes for ./Payload/Buffalo.app/assets/assets/fonts/he/Light.ttf
2022-12-10 21:48:35 +0000  copying file ./Payload/Buffalo.app/assets/assets/fonts/he/SemiBold.ttf ... 
2022-12-10 21:48:35 +0000  124164 bytes for ./Payload/Buffalo.app/assets/assets/fonts/he/SemiBold.ttf
2022-12-10 21:48:35 +0000  copying file ./Payload/Buffalo.app/assets/assets/fonts/he/Medium.ttf ... 
2022-12-10 21:48:35 +0000  124176 bytes for ./Payload/Buffalo.app/assets/assets/fonts/he/Medium.ttf
2022-12-10 21:48:35 +0000  copying file ./Payload/Buffalo.app/assets/assets/fonts/he/Black.ttf ... 
2022-12-10 21:48:35 +0000  123660 bytes for ./Payload/Buffalo.app/assets/assets/fonts/he/Black.ttf
2022-12-10 21:48:35 +0000  copying file ./Payload/Buffalo.app/assets/assets/fonts/he/ExtraBold.ttf ... 
2022-12-10 21:48:35 +0000  123964 bytes for ./Payload/Buffalo.app/assets/assets/fonts/he/ExtraBold.ttf
2022-12-10 21:48:35 +0000  copying file ./Payload/Buffalo.app/assets/assets/fonts/he/Bold.ttf ... 
2022-12-10 21:48:35 +0000  124096 bytes for ./Payload/Buffalo.app/assets/assets/fonts/he/Bold.ttf
2022-12-10 21:48:35 +0000  copying file ./Payload/Buffalo.app/assets/assets/fonts/he/Regular.ttf ... 
2022-12-10 21:48:35 +0000  124236 bytes for ./Payload/Buffalo.app/assets/assets/fonts/he/Regular.ttf
2022-12-10 21:48:35 +0000  copying file ./Payload/Buffalo.app/assets/assets/fonts/ar/Light.ttf ... 
2022-12-10 21:48:35 +0000  202912 bytes for ./Payload/Buffalo.app/assets/assets/fonts/ar/Light.ttf
2022-12-10 21:48:35 +0000  copying file ./Payload/Buffalo.app/assets/assets/fonts/ar/SemiBold.ttf ... 
2022-12-10 21:48:35 +0000  201248 bytes for ./Payload/Buffalo.app/assets/assets/fonts/ar/SemiBold.ttf
2022-12-10 21:48:35 +0000  copying file ./Payload/Buffalo.app/assets/assets/fonts/ar/Medium.ttf ... 
2022-12-10 21:48:35 +0000  202276 bytes for ./Payload/Buffalo.app/assets/assets/fonts/ar/Medium.ttf
copying file ./Payload/Buffalo.app/assets/assets/fonts/ar/Black.ttf ... 
2022-12-10 21:48:35 +0000  206052 bytes for ./Payload/Buffalo.app/assets/assets/fonts/ar/Black.ttf
2022-12-10 21:48:35 +0000  copying file ./Payload/Buffalo.app/assets/assets/fonts/ar/ExtraBold.ttf ... 
2022-12-10 21:48:35 +0000  202044 bytes for ./Payload/Buffalo.app/assets/assets/fonts/ar/ExtraBold.ttf
2022-12-10 21:48:35 +0000  copying file ./Payload/Buffalo.app/assets/assets/fonts/ar/Bold.ttf ... 
2022-12-10 21:48:35 +0000  202012 bytes for ./Payload/Buffalo.app/assets/assets/fonts/ar/Bold.ttf
2022-12-10 21:48:35 +0000  copying file ./Payload/Buffalo.app/assets/assets/fonts/ar/Regular.ttf ... 
2022-12-10 21:48:35 +0000  201456 bytes for ./Payload/Buffalo.app/assets/assets/fonts/ar/Regular.ttf
2022-12-10 21:48:35 +0000  copying file ./Payload/Buffalo.app/Info.plist ... 
2022-12-10 21:48:35 +0000  1924 bytes for ./Payload/Buffalo.app/Info.plist
copying file ./Payload/Buffalo.app/Expo.plist ... 
243 bytes for ./Payload/Buffalo.app/Expo.plist
2022-12-10 21:48:35 +0000  copying file ./Payload/Buffalo.app/PkgInfo ... 
8 bytes for ./Payload/Buffalo.app/PkgInfo
2022-12-10 21:48:35 +0000  copying file ./Symbols/8F934CBA-4412-3D5B-A7C5-8C9266424DCC.symbols ... 
2022-12-10 21:48:35 +0000  12229812 bytes for ./Symbols/8F934CBA-4412-3D5B-A7C5-8C9266424DCC.symbols
2022-12-10 21:48:35 +0000  /usr/bin/ditto exited with 0
2022-12-10 21:48:35 +0000  Processing step: IDEDistributionAppStoreInformationStep
2022-12-10 21:48:35 +0000  Skipping step: IDEDistributionAppStoreInformationStep because it said so
2022-12-10 21:48:35 +0000  Processing step: IDEDistributionGenerateProcessedDistributionItems
2022-12-10 21:48:35 +0000  IDEDistributionItem init <DVTFilePath:0x600015598af0:'/var/folders/l5/6ysx_pm11d77l7y2vgl1hjv00000gn/T/XcodeDistPipeline.~~~p9Q5Kv/Root/Payload/Buffalo.app'>
2022-12-10 21:48:35 +0000  Processing step: IDEDistributionCreateManifestStep
2022-12-10 21:48:35 +0000  Skipping step: IDEDistributionCreateManifestStep because it said so
