2022-12-24 14:12:13 +0000  Initial pipeline context: <IDEDistributionProcessingPipelineContext: 0x7f9983fb3a80; archive(resolved)="<IDEArchive: 0x600015f67540>", distributionTask(resolved)="2", distributionDestination(resolved)="2", distributionMethod(resolved)="<IDEDistributionMethodiOSAppStoreDistribution: 0x60001393d3f0>", team(resolved)="<IDEProvisioningDisambiguatableBasicTeam: 0x6000024f8480; teamID='N2U2FRY8UX', teamName='sari qashuw', teamType='Individual', username='sari.qashuw@gmail.com', isFreeProvisioningTeam='0'>">
	Chain (16, self inclusive):
	<IDEDistributionProcessingPipelineContext: 0x7f9983fb3a80; archive = "<IDEArchive: 0x600015f67540>", distributionMethod="<IDEDistributionMethodiOSAppStoreDistribution: 0x60001393d3f0>", team="<IDEProvisioningDisambiguatableBasicTeam: 0x6000024f8480; teamID='N2U2FRY8UX', teamName='sari qashuw', teamType='Individual', username='sari.qashuw@gmail.com', isFreeProvisioningTeam='0'>">
	<IDEDistributionProcessingPipelineContext: 0x7f9983fb2d70; archive = "<IDEArchive: 0x600015f67540>", distributionMethod="<IDEDistributionMethodiOSAppStoreDistribution: 0x60001393d3f0>", team="<IDEProvisioningDisambiguatableBasicTeam: 0x6000024f8480; teamID='N2U2FRY8UX', teamName='sari qashuw', teamType='Individual', username='sari.qashuw@gmail.com', isFreeProvisioningTeam='0'>">
	<IDEDistributionContext: 0x7f99852ff6f0; archive = "<IDEArchive: 0x600015f67540>", distributionMethod="<IDEDistributionMethodiOSAppStoreDistribution: 0x60001393d3f0>", team="<IDEProvisioningDisambiguatableBasicTeam: 0x6000024f8480; teamID='N2U2FRY8UX', teamName='sari qashuw', teamType='Individual', username='sari.qashuw@gmail.com', isFreeProvisioningTeam='0'>">
	<IDEDistributionContext: 0x7f9983ff4430; archive = "<IDEArchive: 0x600015f67540>", distributionMethod="<IDEDistributionMethodiOSAppStoreDistribution: 0x60001393d3f0>", team="<IDEProvisioningDisambiguatableBasicTeam: 0x6000024f8480; teamID='N2U2FRY8UX', teamName='sari qashuw', teamType='Individual', username='sari.qashuw@gmail.com', isFreeProvisioningTeam='0'>">
	<IDEDistributionContext: 0x7f99852f13d0; archive = "<IDEArchive: 0x600015f67540>", distributionMethod="<IDEDistributionMethodiOSAppStoreDistribution: 0x60001393d3f0>", team="<IDEProvisioningDisambiguatableBasicTeam: 0x6000024f8480; teamID='N2U2FRY8UX', teamName='sari qashuw', teamType='Individual', username='sari.qashuw@gmail.com', isFreeProvisioningTeam='0'>">
	<IDEDistributionContext: 0x7f99911ce480; archive = "<IDEArchive: 0x600015f67540>", distributionMethod="<IDEDistributionMethodiOSAppStoreDistribution: 0x60001393d3f0>", team="<IDEProvisioningDisambiguatableBasicTeam: 0x6000024f8480; teamID='N2U2FRY8UX', teamName='sari qashuw', teamType='Individual', username='sari.qashuw@gmail.com', isFreeProvisioningTeam='0'>">
	<IDEDistributionContext: 0x7f99851746e0; archive = "<IDEArchive: 0x600015f67540>", distributionMethod="<IDEDistributionMethodiOSAppStoreDistribution: 0x60001393d3f0>", team="<IDEProvisioningDisambiguatableBasicTeam: 0x6000024f8480; teamID='N2U2FRY8UX', teamName='sari qashuw', teamType='Individual', username='sari.qashuw@gmail.com', isFreeProvisioningTeam='0'>">
	<IDEDistributionContext: 0x7f99852ee170; archive = "<IDEArchive: 0x600015f67540>", distributionMethod="<IDEDistributionMethodiOSAppStoreDistribution: 0x60001393d3f0>", team="<IDEProvisioningDisambiguatableBasicTeam: 0x6000024f8480; teamID='N2U2FRY8UX', teamName='sari qashuw', teamType='Individual', username='sari.qashuw@gmail.com', isFreeProvisioningTeam='0'>">
	<IDEDistributionContext: 0x7f9983ff6270; archive = "<IDEArchive: 0x600015f67540>", distributionMethod="<IDEDistributionMethodiOSAppStoreDistribution: 0x60001393d3f0>", team="<IDEProvisioningDisambiguatableBasicTeam: 0x6000024f8480; teamID='N2U2FRY8UX', teamName='sari qashuw', teamType='Individual', username='sari.qashuw@gmail.com', isFreeProvisioningTeam='0'>">
	<IDEDistributionContext: 0x7f9983fde410; archive = "<IDEArchive: 0x600015f67540>", distributionMethod="<IDEDistributionMethodiOSAppStoreDistribution: 0x60001393d3f0>", team="<IDEProvisioningDisambiguatableBasicTeam: 0x6000024f8480; teamID='N2U2FRY8UX', teamName='sari qashuw', teamType='Individual', username='sari.qashuw@gmail.com', isFreeProvisioningTeam='0'>">
	<IDEDistributionContext: 0x7f99852e1be0; archive = "<IDEArchive: 0x600015f67540>", distributionMethod="<IDEDistributionMethodiOSAppStoreDistribution: 0x60001393d3f0>", team="<IDEProvisioningDisambiguatableBasicTeam: 0x6000024f8480; teamID='N2U2FRY8UX', teamName='sari qashuw', teamType='Individual', username='sari.qashuw@gmail.com', isFreeProvisioningTeam='0'>">
	<IDEDistributionContext: 0x7f99852c6c60; archive = "<IDEArchive: 0x600015f67540>", distributionMethod="<IDEDistributionMethodiOSAppStoreDistribution: 0x60001393d3f0>", team="<IDEProvisioningDisambiguatableBasicTeam: 0x6000024f8480; teamID='N2U2FRY8UX', teamName='sari qashuw', teamType='Individual', username='sari.qashuw@gmail.com', isFreeProvisioningTeam='0'>">
	<IDEDistributionContext: 0x7f999917fd00; archive = "<IDEArchive: 0x600015f67540>", distributionMethod="<IDEDistributionMethodiOSAppStoreDistribution: 0x60001393d3f0>", team="<IDEProvisioningDisambiguatableBasicTeam: 0x6000024f8480; teamID='N2U2FRY8UX', teamName='sari qashuw', teamType='Individual', username='sari.qashuw@gmail.com', isFreeProvisioningTeam='0'>">
	<IDEDistributionContext: 0x7f9985429800; archive = "<IDEArchive: 0x600015f67540>", distributionMethod="<IDEDistributionMethodiOSAppStoreDistribution: 0x60001393d3f0>", team="(null)">
	<IDEDistributionContext: 0x7f99852e9a00; archive = "<IDEArchive: 0x600015f67540>", distributionMethod="<IDEDistributionMethodiOSAppStoreDistribution: 0x60001393d3f0>", team="(null)">
	<IDEDistributionContext: 0x7f99852afd90; archive = "<IDEArchive: 0x600015f67540>", distributionMethod="(null)", team="(null)">
</IDEDistributionProcessingPipelineContext: 0x7f9983fb3a80>
2022-12-24 14:12:13 +0000  Processing step: IDEDistributionCreateDestRootStep
2022-12-24 14:12:13 +0000  Processing step: IDEDistributionCopyItemStep
2022-12-24 14:12:13 +0000  Running /usr/bin/ditto '-V' '/Users/sariq/Library/Developer/Xcode/Archives/2022-12-24/buffalo 24-12-2022, 16.11.xcarchive/Products/Applications/Buffalo.app' '/var/folders/l5/6ysx_pm11d77l7y2vgl1hjv00000gn/T/XcodeDistPipeline.~~~bkagtJ/Root/Payload/Buffalo.app'
2022-12-24 14:12:13 +0000  >>> Copying /Users/sariq/Library/Developer/Xcode/Archives/2022-12-24/buffalo 24-12-2022, 16.11.xcarchive/Products/Applications/Buffalo.app 
2022-12-24 14:12:13 +0000  copying file ./_CodeSignature/CodeResources ... 
2022-12-24 14:12:13 +0000  17346 bytes for ./_CodeSignature/CodeResources
2022-12-24 14:12:13 +0000  copying file ./SplashScreen.storyboardc/EXPO-VIEWCONTROLLER-1-view-EXPO-ContainerView.nib ... 
2022-12-24 14:12:13 +0000  2411 bytes for ./SplashScreen.storyboardc/EXPO-VIEWCONTROLLER-1-view-EXPO-ContainerView.nib
2022-12-24 14:12:13 +0000  copying file ./SplashScreen.storyboardc/SplashScreenViewController.nib ... 
2022-12-24 14:12:13 +0000  976 bytes for ./SplashScreen.storyboardc/SplashScreenViewController.nib
2022-12-24 14:12:13 +0000  copying file ./SplashScreen.storyboardc/Info.plist ... 
2022-12-24 14:12:13 +0000  225 bytes for ./SplashScreen.storyboardc/Info.plist
2022-12-24 14:12:13 +0000  copying file ./buffalosound.wav ... 
2022-12-24 14:12:13 +0000  1400304 bytes for ./buffalosound.wav
2022-12-24 14:12:13 +0000  copying file ./EXUpdates.bundle/app.manifest ... 
2022-12-24 14:12:13 +0000  9251 bytes for ./EXUpdates.bundle/app.manifest
2022-12-24 14:12:13 +0000  copying file ./EXUpdates.bundle/Info.plist ... 
2022-12-24 14:12:13 +0000  764 bytes for ./EXUpdates.bundle/Info.plist
2022-12-24 14:12:13 +0000  copying file ./AppIcon60x60@2x.png ... 
2022-12-24 14:12:13 +0000  4054 bytes for ./AppIcon60x60@2x.png
2022-12-24 14:12:13 +0000  copying file ./AccessibilityResources.bundle/en.lproj/Localizable.strings ... 
2022-12-24 14:12:13 +0000  518 bytes for ./AccessibilityResources.bundle/en.lproj/Localizable.strings
2022-12-24 14:12:13 +0000  copying file ./AccessibilityResources.bundle/Info.plist ... 
2022-12-24 14:12:13 +0000  792 bytes for ./AccessibilityResources.bundle/Info.plist
2022-12-24 14:12:13 +0000  copying file ./Assets.car ... 
2022-12-24 14:12:13 +0000  495455 bytes for ./Assets.car
2022-12-24 14:12:13 +0000  copying file ./AppIcon76x76@2x~ipad.png ... 
2022-12-24 14:12:13 +0000  5415 bytes for ./AppIcon76x76@2x~ipad.png
2022-12-24 14:12:13 +0000  copying file ./Buffalo ... 
2022-12-24 14:12:13 +0000  5001040 bytes for ./Buffalo
2022-12-24 14:12:13 +0000  copying file ./main.jsbundle ... 
2022-12-24 14:12:13 +0000  4451947 bytes for ./main.jsbundle
2022-12-24 14:12:14 +0000  copying file ./EXConstants.bundle/app.config ... 
1048 bytes for ./EXConstants.bundle/app.config
copying file ./EXConstants.bundle/Info.plist ... 
768 bytes for ./EXConstants.bundle/Info.plist
copying file ./embedded.mobileprovision ... 
2022-12-24 14:12:14 +0000  12365 bytes for ./embedded.mobileprovision
2022-12-24 14:12:14 +0000  copying file ./assets/node_modules/@react-navigation/elements/src/assets/back-icon@3x.png ... 
2022-12-24 14:12:14 +0000  761 bytes for ./assets/node_modules/@react-navigation/elements/src/assets/back-icon@3x.png
2022-12-24 14:12:14 +0000  copying file ./assets/node_modules/@react-navigation/elements/src/assets/back-icon@2x.png ... 
2022-12-24 14:12:14 +0000  405 bytes for ./assets/node_modules/@react-navigation/elements/src/assets/back-icon@2x.png
2022-12-24 14:12:14 +0000  copying file ./assets/node_modules/@react-navigation/elements/src/assets/back-icon.png ... 
2022-12-24 14:12:14 +0000  290 bytes for ./assets/node_modules/@react-navigation/elements/src/assets/back-icon.png
2022-12-24 14:12:14 +0000  copying file ./assets/node_modules/@react-navigation/elements/src/assets/back-icon-mask.png ... 
2022-12-24 14:12:14 +0000  913 bytes for ./assets/node_modules/@react-navigation/elements/src/assets/back-icon-mask.png
2022-12-24 14:12:14 +0000  copying file ./assets/node_modules/react-native-paper/src/assets/back-chevron.png ... 
2022-12-24 14:12:14 +0000  489 bytes for ./assets/node_modules/react-native-paper/src/assets/back-chevron.png
2022-12-24 14:12:14 +0000  copying file ./assets/node_modules/@expo/vector-icons/build/vendor/react-native-vector-icons/Fonts/MaterialCommunityIcons.ttf ... 
2022-12-24 14:12:14 +0000  1147844 bytes for ./assets/node_modules/@expo/vector-icons/build/vendor/react-native-vector-icons/Fonts/MaterialCommunityIcons.ttf
2022-12-24 14:12:14 +0000  copying file ./assets/assets/order/order-take-away.png ... 
2022-12-24 14:12:14 +0000  44995 bytes for ./assets/assets/order/order-take-away.png
2022-12-24 14:12:14 +0000  copying file ./assets/assets/order/order-delivery.png ... 
2022-12-24 14:12:14 +0000  33601 bytes for ./assets/assets/order/order-delivery.png
2022-12-24 14:12:14 +0000  copying file ./assets/assets/menu/gradiant/truffle.png ... 
2022-12-24 14:12:14 +0000  901656 bytes for ./assets/assets/menu/gradiant/truffle.png
2022-12-24 14:12:14 +0000  copying file ./assets/assets/menu/gradiant/burgerSlice.png ... 
2022-12-24 14:12:14 +0000  1801608 bytes for ./assets/assets/menu/gradiant/burgerSlice.png
copying file ./assets/assets/menu/gradiant/cheese.png ... 
2022-12-24 14:12:14 +0000  417121 bytes for ./assets/assets/menu/gradiant/cheese.png
2022-12-24 14:12:14 +0000  copying file ./assets/assets/menu/gradiant/friedOnion.png ... 
2022-12-24 14:12:14 +0000  1415724 bytes for ./assets/assets/menu/gradiant/friedOnion.png
2022-12-24 14:12:14 +0000  copying file ./assets/assets/menu/gradiant/baecon.png ... 
2022-12-24 14:12:14 +0000  1494298 bytes for ./assets/assets/menu/gradiant/baecon.png
copying file ./assets/assets/menu/gradiant/jalapeno.png ... 
2022-12-24 14:12:14 +0000  1798129 bytes for ./assets/assets/menu/gradiant/jalapeno.png
2022-12-24 14:12:14 +0000  copying file ./assets/assets/menu/gradiant/egg.png ... 
2022-12-24 14:12:14 +0000  708148 bytes for ./assets/assets/menu/gradiant/egg.png
2022-12-24 14:12:14 +0000  copying file ./assets/assets/menu/burgers/cheesyBurger.png ... 
2022-12-24 14:12:14 +0000  1578717 bytes for ./assets/assets/menu/burgers/cheesyBurger.png
2022-12-24 14:12:14 +0000  copying file ./assets/assets/menu/burgers/chickenBurger.png ... 
2022-12-24 14:12:14 +0000  2075893 bytes for ./assets/assets/menu/burgers/chickenBurger.png
copying file ./assets/assets/menu/burgers/baconBurger.png ... 
2022-12-24 14:12:14 +0000  2220454 bytes for ./assets/assets/menu/burgers/baconBurger.png
2022-12-24 14:12:14 +0000  copying file ./assets/assets/menu/burgers/classicBurger.png ... 
2022-12-24 14:12:14 +0000  1732966 bytes for ./assets/assets/menu/burgers/classicBurger.png
copying file ./assets/assets/menu/burgers/cheesyCartel.png ... 
2022-12-24 14:12:14 +0000  1525089 bytes for ./assets/assets/menu/burgers/cheesyCartel.png
2022-12-24 14:12:14 +0000  copying file ./assets/assets/menu/burgers/cheesyCrispy.png ... 
2022-12-24 14:12:14 +0000  1754083 bytes for ./assets/assets/menu/burgers/cheesyCrispy.png
2022-12-24 14:12:14 +0000  copying file ./assets/assets/menu/burgers/buffaloBurger.png ... 
2022-12-24 14:12:14 +0000  2386961 bytes for ./assets/assets/menu/burgers/buffaloBurger.png
2022-12-24 14:12:14 +0000  copying file ./assets/assets/menu/burgers/havaneroBurger.png ... 
2022-12-24 14:12:14 +0000  1957683 bytes for ./assets/assets/menu/burgers/havaneroBurger.png
2022-12-24 14:12:14 +0000  copying file ./assets/assets/menu/burgers/spiceyCrispy.png ... 
2022-12-24 14:12:14 +0000  1689204 bytes for ./assets/assets/menu/burgers/spiceyCrispy.png
2022-12-24 14:12:14 +0000  copying file ./assets/assets/burj.png ... 
2022-12-24 14:12:14 +0000  3000525 bytes for ./assets/assets/burj.png
2022-12-24 14:12:14 +0000  copying file ./assets/assets/buffalo_logo.png ... 
3120 bytes for ./assets/assets/buffalo_logo.png
copying file ./assets/assets/splash-screen-1.png ... 
2022-12-24 14:12:14 +0000  229341 bytes for ./assets/assets/splash-screen-1.png
2022-12-24 14:12:14 +0000  copying file ./assets/assets/logo-banner.png ... 
2022-12-24 14:12:14 +0000  32899 bytes for ./assets/assets/logo-banner.png
2022-12-24 14:12:14 +0000  copying file ./assets/assets/fonts/he/Light.ttf ... 
2022-12-24 14:12:14 +0000  123476 bytes for ./assets/assets/fonts/he/Light.ttf
2022-12-24 14:12:14 +0000  copying file ./assets/assets/fonts/he/SemiBold.ttf ... 
2022-12-24 14:12:14 +0000  124164 bytes for ./assets/assets/fonts/he/SemiBold.ttf
2022-12-24 14:12:14 +0000  copying file ./assets/assets/fonts/he/Medium.ttf ... 
2022-12-24 14:12:14 +0000  124176 bytes for ./assets/assets/fonts/he/Medium.ttf
2022-12-24 14:12:14 +0000  copying file ./assets/assets/fonts/he/Black.ttf ... 
2022-12-24 14:12:14 +0000  123660 bytes for ./assets/assets/fonts/he/Black.ttf
2022-12-24 14:12:14 +0000  copying file ./assets/assets/fonts/he/ExtraBold.ttf ... 
2022-12-24 14:12:14 +0000  123964 bytes for ./assets/assets/fonts/he/ExtraBold.ttf
2022-12-24 14:12:14 +0000  copying file ./assets/assets/fonts/he/Bold.ttf ... 
2022-12-24 14:12:14 +0000  124096 bytes for ./assets/assets/fonts/he/Bold.ttf
2022-12-24 14:12:14 +0000  copying file ./assets/assets/fonts/he/Regular.ttf ... 
2022-12-24 14:12:14 +0000  124236 bytes for ./assets/assets/fonts/he/Regular.ttf
2022-12-24 14:12:14 +0000  copying file ./assets/assets/fonts/ar/Light.ttf ... 
2022-12-24 14:12:14 +0000  202912 bytes for ./assets/assets/fonts/ar/Light.ttf
2022-12-24 14:12:14 +0000  copying file ./assets/assets/fonts/ar/SemiBold.ttf ... 
2022-12-24 14:12:14 +0000  201248 bytes for ./assets/assets/fonts/ar/SemiBold.ttf
2022-12-24 14:12:14 +0000  copying file ./assets/assets/fonts/ar/Medium.ttf ... 
2022-12-24 14:12:14 +0000  202276 bytes for ./assets/assets/fonts/ar/Medium.ttf
2022-12-24 14:12:14 +0000  copying file ./assets/assets/fonts/ar/Black.ttf ... 
2022-12-24 14:12:14 +0000  206052 bytes for ./assets/assets/fonts/ar/Black.ttf
2022-12-24 14:12:14 +0000  copying file ./assets/assets/fonts/ar/ExtraBold.ttf ... 
2022-12-24 14:12:14 +0000  202044 bytes for ./assets/assets/fonts/ar/ExtraBold.ttf
2022-12-24 14:12:14 +0000  copying file ./assets/assets/fonts/ar/Bold.ttf ... 
2022-12-24 14:12:14 +0000  202012 bytes for ./assets/assets/fonts/ar/Bold.ttf
2022-12-24 14:12:14 +0000  copying file ./assets/assets/fonts/ar/Regular.ttf ... 
2022-12-24 14:12:14 +0000  201456 bytes for ./assets/assets/fonts/ar/Regular.ttf
2022-12-24 14:12:14 +0000  copying file ./Info.plist ... 
2022-12-24 14:12:14 +0000  1893 bytes for ./Info.plist
2022-12-24 14:12:14 +0000  copying file ./Expo.plist ... 
2022-12-24 14:12:14 +0000  243 bytes for ./Expo.plist
2022-12-24 14:12:14 +0000  copying file ./PkgInfo ... 
2022-12-24 14:12:14 +0000  8 bytes for ./PkgInfo
2022-12-24 14:12:14 +0000  /usr/bin/ditto exited with 0
2022-12-24 14:12:14 +0000  Processing step: IDEDistributionEmbedProfileStep
2022-12-24 14:12:14 +0000  Processing step: IDEDistributionInfoPlistStep
2022-12-24 14:12:14 +0000  Processing step: IDEDistributionItemRemovalStep
2022-12-24 14:12:14 +0000  Processing step: IDEDistributionAppThinningPlistStep
2022-12-24 14:12:14 +0000  Skipping step: IDEDistributionAppThinningPlistStep because it said so
2022-12-24 14:12:14 +0000  Processing step: IDEDistributionCompileBitcodeStep
2022-12-24 14:12:14 +0000  Skipping step: IDEDistributionCompileBitcodeStep because it said so
2022-12-24 14:12:14 +0000  Processing step: IDEDistributionCodeSlimmingStep
2022-12-24 14:12:14 +0000  Processing step: IDEDistributionCopyBCSymbolMapsStep
2022-12-24 14:12:14 +0000  Processing step: IDEDistributionSymbolsStep
2022-12-24 14:12:14 +0000  Processing symbols for Buffalo.app
2022-12-24 14:12:14 +0000  Running /usr/bin/rsync '-8aPhhE' '/var/folders/l5/6ysx_pm11d77l7y2vgl1hjv00000gn/T/XcodeDistPipeline.~~~bkagtJ/Root/Payload/Buffalo.app' '--link-dest' '/var/folders/l5/6ysx_pm11d77l7y2vgl1hjv00000gn/T/XcodeDistPipeline.~~~bkagtJ/Root/Payload' '/var/folders/l5/6ysx_pm11d77l7y2vgl1hjv00000gn/T/XcodeDistPipeline.~~~bkagtJ'
2022-12-24 14:12:14 +0000  building file list ... 
2022-12-24 14:12:14 +0000   0 files...2022-12-24 14:12:14 +0000  92 files to consider
2022-12-24 14:12:14 +0000  Buffalo.app/
2022-12-24 14:12:14 +0000  Buffalo.app/AccessibilityResources.bundle/
Buffalo.app/AccessibilityResources.bundle/en.lproj/
Buffalo.app/EXConstants.bundle/
Buffalo.app/EXUpdates.bundle/
2022-12-24 14:12:14 +0000  Buffalo.app/SplashScreen.storyboardc/
Buffalo.app/_CodeSignature/
Buffalo.app/assets/
Buffalo.app/assets/assets/
Buffalo.app/assets/assets/fonts/
Buffalo.app/assets/assets/fonts/ar/
Buffalo.app/assets/assets/fonts/he/
Buffalo.app/assets/assets/menu/
Buffalo.app/assets/assets/menu/burgers/
Buffalo.app/assets/assets/menu/gradiant/
Buffalo.app/assets/assets/order/
Buffalo.app/assets/node_modules/
Buffalo.app/assets/node_modules/@expo/
Buffalo.app/assets/node_modules/@expo/vector-icons/
Buffalo.app/assets/node_modules/@expo/vector-icons/build/
Buffalo.app/assets/node_modules/@expo/vector-icons/build/vendor/
Buffalo.app/assets/node_modules/@expo/vector-icons/build/vendor/react-native-vector-icons/
Buffalo.app/assets/node_modules/@expo/vector-icons/build/vendor/react-native-vector-icons/Fonts/
Buffalo.app/assets/node_modules/@react-navigation/
Buffalo.app/assets/node_modules/@react-navigation/elements/
Buffalo.app/assets/node_modules/@react-navigation/elements/src/
Buffalo.app/assets/node_modules/@react-navigation/elements/src/assets/
Buffalo.app/assets/node_modules/react-native-paper/
Buffalo.app/assets/node_modules/react-native-paper/src/
Buffalo.app/assets/node_modules/react-native-paper/src/assets/
2022-12-24 14:12:14 +0000  
sent 2.49K bytes  received 200 bytes  5.36K bytes/sec
total size is 41.63M  speedup is 15895.67
2022-12-24 14:12:14 +0000  /usr/bin/rsync exited with 0
2022-12-24 14:12:14 +0000  Running /usr/bin/rsync '-8aPhhE' '/Users/sariq/Library/Developer/Xcode/Archives/2022-12-24/buffalo 24-12-2022, 16.11.xcarchive/dSYMs/' '--link-dest' '/Users/sariq/Library/Developer/Xcode/Archives/2022-12-24/buffalo 24-12-2022, 16.11.xcarchive/dSYMs/' '/var/folders/l5/6ysx_pm11d77l7y2vgl1hjv00000gn/T/XcodeDistPipeline.~~~bkagtJ'
2022-12-24 14:12:14 +0000  building file list ... 
2022-12-24 14:12:14 +0000   0 files...2022-12-24 14:12:14 +0000  7 files to consider
2022-12-24 14:12:14 +0000  ./
2022-12-24 14:12:14 +0000  Buffalo.app.dSYM/
Buffalo.app.dSYM/Contents/
Buffalo.app.dSYM/Contents/Resources/
Buffalo.app.dSYM/Contents/Resources/DWARF/
2022-12-24 14:12:14 +0000  
sent 250 bytes  received 50 bytes  600.00 bytes/sec
total size is 44.54M  speedup is 155695.76
2022-12-24 14:12:14 +0000  /usr/bin/rsync exited with 0
2022-12-24 14:12:14 +0000  Writing /var/folders/l5/6ysx_pm11d77l7y2vgl1hjv00000gn/T/XcodeDistPipeline.~~~bkagtJ/Symbols/B62E3A40-DB07-3813-904A-86F34A9E11F8.symbols
2022-12-24 14:12:14 +0000  Processing step: IDEDistributionCopyAppleProvidedContentStep
2022-12-24 14:12:14 +0000  Processing step: IDEDistributionAppThinningStep
2022-12-24 14:12:14 +0000  Skipping step: IDEDistributionAppThinningStep because it said so
2022-12-24 14:12:14 +0000  Processing step: IDEDistributionArchThinningStep
2022-12-24 14:12:14 +0000  Running /Users/sariq/Downloads/Xcode.app/Contents/Developer/Toolchains/XcodeDefault.xctoolchain/usr/bin/lipo '/var/folders/l5/6ysx_pm11d77l7y2vgl1hjv00000gn/T/XcodeDistPipeline.~~~bkagtJ/Root/Payload/Buffalo.app/Buffalo' '-verify_arch' 'arm64e'
2022-12-24 14:12:14 +0000  /Users/sariq/Downloads/Xcode.app/Contents/Developer/Toolchains/XcodeDefault.xctoolchain/usr/bin/lipo exited with 1
2022-12-24 14:12:14 +0000  Skipping architecture thinning for item "Buffalo" because arch "arm64e" wasn't found
2022-12-24 14:12:14 +0000  Processing step: IDEDistributionODRStep
2022-12-24 14:12:14 +0000  Processing step: IDEDistributionStripXattrsStep
2022-12-24 14:12:14 +0000  Running /usr/bin/xattr '-crs' '/var/folders/l5/6ysx_pm11d77l7y2vgl1hjv00000gn/T/XcodeDistPipeline.~~~bkagtJ/Root/Payload/Buffalo.app'
2022-12-24 14:12:14 +0000  /usr/bin/xattr exited with 0
2022-12-24 14:12:14 +0000  Processing step: IDEDistributionCodesignStep
2022-12-24 14:12:14 +0000  Entitlements for <IDEDistributionItem: 0x600015f24720; bundleID='com.sariq.buffalo', path='<DVTFilePath:0x6000192f43f0:'/Users/sariq/Library/Developer/Xcode/Archives/2022-12-24/buffalo 24-12-2022, 16.11.xcarchive/Products/Applications/Buffalo.app'>', codeSigningInfo='<_DVTCodeSigningInformation_Path: 0x60001d9bf5c0; isSigned='1', isAdHocSigned='0', signingCertificate='<DVTSigningCertificate: 0x600000eec370; name='Apple Development: sari qashuw (7CNF47MH6L)', hash='74F494C2E08BA16D54CE799C5E8028FC1C256980', serialNumber='3F0FB4E1D760286BD03F411A8A3276D8', certificateKinds='(
    "1.2.840.113635.100.6.1.12",
    "1.2.840.113635.100.6.1.2"
), issueDate='2022-12-05 18:12:09 +0000''>', entitlements='{
    "application-identifier" = "N2U2FRY8UX.com.sariq.buffalo";
    "aps-environment" = development;
    "com.apple.developer.team-identifier" = N2U2FRY8UX;
    "get-task-allow" = 1;
}', teamID='N2U2FRY8UX', identifier='com.sariq.buffalo', executablePath='<DVTFilePath:0x600015fb6820:'/Users/sariq/Library/Developer/Xcode/Archives/2022-12-24/buffalo 24-12-2022, 16.11.xcarchive/Products/Applications/Buffalo.app/Buffalo'>', hardenedRuntime='0'>'>: {
    "application-identifier" = "N2U2FRY8UX.com.sariq.buffalo";
    "aps-environment" = production;
    "beta-reports-active" = 1;
    "com.apple.developer.team-identifier" = N2U2FRY8UX;
    "get-task-allow" = 0;
}
2022-12-24 14:12:14 +0000  Entitlements for <IDEDistributionItem: 0x600015f24720; bundleID='com.sariq.buffalo', path='<DVTFilePath:0x6000192f43f0:'/Users/sariq/Library/Developer/Xcode/Archives/2022-12-24/buffalo 24-12-2022, 16.11.xcarchive/Products/Applications/Buffalo.app'>', codeSigningInfo='<_DVTCodeSigningInformation_Path: 0x60001d9bf5c0; isSigned='1', isAdHocSigned='0', signingCertificate='<DVTSigningCertificate: 0x600000eff2e0; name='Apple Development: sari qashuw (7CNF47MH6L)', hash='74F494C2E08BA16D54CE799C5E8028FC1C256980', serialNumber='3F0FB4E1D760286BD03F411A8A3276D8', certificateKinds='(
    "1.2.840.113635.100.6.1.12",
    "1.2.840.113635.100.6.1.2"
), issueDate='2022-12-05 18:12:09 +0000''>', entitlements='{
    "application-identifier" = "N2U2FRY8UX.com.sariq.buffalo";
    "aps-environment" = development;
    "com.apple.developer.team-identifier" = N2U2FRY8UX;
    "get-task-allow" = 1;
}', teamID='N2U2FRY8UX', identifier='com.sariq.buffalo', executablePath='<DVTFilePath:0x600015fb6820:'/Users/sariq/Library/Developer/Xcode/Archives/2022-12-24/buffalo 24-12-2022, 16.11.xcarchive/Products/Applications/Buffalo.app/Buffalo'>', hardenedRuntime='0'>'> are: {
    "application-identifier" = "N2U2FRY8UX.com.sariq.buffalo";
    "aps-environment" = production;
    "beta-reports-active" = 1;
    "com.apple.developer.team-identifier" = N2U2FRY8UX;
    "get-task-allow" = 0;
}
2022-12-24 14:12:14 +0000  Writing entitlements for <IDEDistributionItem: 0x600015f24720; bundleID='com.sariq.buffalo', path='<DVTFilePath:0x6000192f43f0:'/Users/sariq/Library/Developer/Xcode/Archives/2022-12-24/buffalo 24-12-2022, 16.11.xcarchive/Products/Applications/Buffalo.app'>', codeSigningInfo='<_DVTCodeSigningInformation_Path: 0x60001d9bf5c0; isSigned='1', isAdHocSigned='0', signingCertificate='<DVTSigningCertificate: 0x600000ef3b20; name='Apple Development: sari qashuw (7CNF47MH6L)', hash='74F494C2E08BA16D54CE799C5E8028FC1C256980', serialNumber='3F0FB4E1D760286BD03F411A8A3276D8', certificateKinds='(
    "1.2.840.113635.100.6.1.12",
    "1.2.840.113635.100.6.1.2"
), issueDate='2022-12-05 18:12:09 +0000''>', entitlements='{
    "application-identifier" = "N2U2FRY8UX.com.sariq.buffalo";
    "aps-environment" = development;
    "com.apple.developer.team-identifier" = N2U2FRY8UX;
    "get-task-allow" = 1;
}', teamID='N2U2FRY8UX', identifier='com.sariq.buffalo', executablePath='<DVTFilePath:0x600015fb6820:'/Users/sariq/Library/Developer/Xcode/Archives/2022-12-24/buffalo 24-12-2022, 16.11.xcarchive/Products/Applications/Buffalo.app/Buffalo'>', hardenedRuntime='0'>'> to: /var/folders/l5/6ysx_pm11d77l7y2vgl1hjv00000gn/T/XcodeDistPipeline.~~~bkagtJ/entitlements~~~R7Iv8b
2022-12-24 14:12:14 +0000  Running /usr/bin/codesign '-vvv' '--force' '--sign' 'B8AD874F3E20413105ECB5F8AD5A20810FEB1288' '--entitlements' '/var/folders/l5/6ysx_pm11d77l7y2vgl1hjv00000gn/T/XcodeDistPipeline.~~~bkagtJ/entitlements~~~R7Iv8b' '--generate-entitlement-der' '--preserve-metadata=identifier,flags,runtime' '/var/folders/l5/6ysx_pm11d77l7y2vgl1hjv00000gn/T/XcodeDistPipeline.~~~bkagtJ/Root/Payload/Buffalo.app'
2022-12-24 14:12:14 +0000  /var/folders/l5/6ysx_pm11d77l7y2vgl1hjv00000gn/T/XcodeDistPipeline.~~~bkagtJ/Root/Payload/Buffalo.app: replacing existing signature
2022-12-24 14:12:15 +0000  /var/folders/l5/6ysx_pm11d77l7y2vgl1hjv00000gn/T/XcodeDistPipeline.~~~bkagtJ/Root/Payload/Buffalo.app: signed app bundle with Mach-O thin (arm64) [com.sariq.buffalo]
2022-12-24 14:12:15 +0000  /usr/bin/codesign exited with 0
2022-12-24 14:12:15 +0000  Processing step: IDEDistributionZipODRItemStep
2022-12-24 14:12:15 +0000  Skipping step: IDEDistributionZipODRItemStep because it said so
2022-12-24 14:12:15 +0000  Processing step: IDEDistributionCreateIPAStep
2022-12-24 14:12:15 +0000  Running /usr/bin/rsync '-8aPhhE' '/var/folders/l5/6ysx_pm11d77l7y2vgl1hjv00000gn/T/XcodeDistPipeline.~~~bkagtJ/Symbols' '--link-dest' '/var/folders/l5/6ysx_pm11d77l7y2vgl1hjv00000gn/T/XcodeDistPipeline.~~~bkagtJ' '/var/folders/l5/6ysx_pm11d77l7y2vgl1hjv00000gn/T/XcodeDistPipeline.~~~bkagtJ/Root'
2022-12-24 14:12:15 +0000  building file list ... 
2022-12-24 14:12:15 +0000   0 files...2022-12-24 14:12:15 +0000  2 files to consider
2022-12-24 14:12:15 +0000  Symbols/
2022-12-24 14:12:15 +0000  
sent 142 bytes  received 26 bytes  336.00 bytes/sec
2022-12-24 14:12:15 +0000  total size is 11.68M  speedup is 72919.07
2022-12-24 14:12:15 +0000  /usr/bin/rsync exited with 0
2022-12-24 14:12:15 +0000  Running /usr/bin/ditto '-V' '-c' '-k' '--norsrc' '/var/folders/l5/6ysx_pm11d77l7y2vgl1hjv00000gn/T/XcodeDistPipeline.~~~bkagtJ/Root' '/var/folders/l5/6ysx_pm11d77l7y2vgl1hjv00000gn/T/XcodeDistPipeline.~~~bkagtJ/Packages/Buffalo.ipa'
2022-12-24 14:12:15 +0000  >>> Copying /var/folders/l5/6ysx_pm11d77l7y2vgl1hjv00000gn/T/XcodeDistPipeline.~~~bkagtJ/Root 
2022-12-24 14:12:15 +0000  copying file ./Payload/Buffalo.app/_CodeSignature/CodeResources ... 
2022-12-24 14:12:15 +0000  17346 bytes for ./Payload/Buffalo.app/_CodeSignature/CodeResources
2022-12-24 14:12:15 +0000  copying file ./Payload/Buffalo.app/SplashScreen.storyboardc/EXPO-VIEWCONTROLLER-1-view-EXPO-ContainerView.nib ... 
2022-12-24 14:12:15 +0000  2411 bytes for ./Payload/Buffalo.app/SplashScreen.storyboardc/EXPO-VIEWCONTROLLER-1-view-EXPO-ContainerView.nib
copying file ./Payload/Buffalo.app/SplashScreen.storyboardc/SplashScreenViewController.nib ... 
2022-12-24 14:12:15 +0000  976 bytes for ./Payload/Buffalo.app/SplashScreen.storyboardc/SplashScreenViewController.nib
copying file ./Payload/Buffalo.app/SplashScreen.storyboardc/Info.plist ... 
2022-12-24 14:12:15 +0000  225 bytes for ./Payload/Buffalo.app/SplashScreen.storyboardc/Info.plist
copying file ./Payload/Buffalo.app/buffalosound.wav ... 
2022-12-24 14:12:15 +0000  1400304 bytes for ./Payload/Buffalo.app/buffalosound.wav
2022-12-24 14:12:15 +0000  copying file ./Payload/Buffalo.app/EXUpdates.bundle/app.manifest ... 
2022-12-24 14:12:15 +0000  9251 bytes for ./Payload/Buffalo.app/EXUpdates.bundle/app.manifest
copying file ./Payload/Buffalo.app/EXUpdates.bundle/Info.plist ... 
2022-12-24 14:12:15 +0000  764 bytes for ./Payload/Buffalo.app/EXUpdates.bundle/Info.plist
copying file ./Payload/Buffalo.app/AppIcon60x60@2x.png ... 
2022-12-24 14:12:15 +0000  4054 bytes for ./Payload/Buffalo.app/AppIcon60x60@2x.png
copying file ./Payload/Buffalo.app/AccessibilityResources.bundle/en.lproj/Localizable.strings ... 
2022-12-24 14:12:15 +0000  518 bytes for ./Payload/Buffalo.app/AccessibilityResources.bundle/en.lproj/Localizable.strings
copying file ./Payload/Buffalo.app/AccessibilityResources.bundle/Info.plist ... 
2022-12-24 14:12:15 +0000  792 bytes for ./Payload/Buffalo.app/AccessibilityResources.bundle/Info.plist
copying file ./Payload/Buffalo.app/Assets.car ... 
2022-12-24 14:12:15 +0000  495455 bytes for ./Payload/Buffalo.app/Assets.car
copying file ./Payload/Buffalo.app/AppIcon76x76@2x~ipad.png ... 
2022-12-24 14:12:15 +0000  5415 bytes for ./Payload/Buffalo.app/AppIcon76x76@2x~ipad.png
2022-12-24 14:12:15 +0000  copying file ./Payload/Buffalo.app/Buffalo ... 
2022-12-24 14:12:15 +0000  5001104 bytes for ./Payload/Buffalo.app/Buffalo
2022-12-24 14:12:15 +0000  copying file ./Payload/Buffalo.app/main.jsbundle ... 
2022-12-24 14:12:15 +0000  4451947 bytes for ./Payload/Buffalo.app/main.jsbundle
2022-12-24 14:12:15 +0000  copying file ./Payload/Buffalo.app/EXConstants.bundle/app.config ... 
1048 bytes for ./Payload/Buffalo.app/EXConstants.bundle/app.config
copying file ./Payload/Buffalo.app/EXConstants.bundle/Info.plist ... 
2022-12-24 14:12:15 +0000  768 bytes for ./Payload/Buffalo.app/EXConstants.bundle/Info.plist
copying file ./Payload/Buffalo.app/embedded.mobileprovision ... 
2022-12-24 14:12:15 +0000  16328 bytes for ./Payload/Buffalo.app/embedded.mobileprovision
2022-12-24 14:12:15 +0000  copying file ./Payload/Buffalo.app/assets/node_modules/@react-navigation/elements/src/assets/back-icon@3x.png ... 
2022-12-24 14:12:15 +0000  761 bytes for ./Payload/Buffalo.app/assets/node_modules/@react-navigation/elements/src/assets/back-icon@3x.png
copying file ./Payload/Buffalo.app/assets/node_modules/@react-navigation/elements/src/assets/back-icon@2x.png ... 
2022-12-24 14:12:15 +0000  405 bytes for ./Payload/Buffalo.app/assets/node_modules/@react-navigation/elements/src/assets/back-icon@2x.png
copying file ./Payload/Buffalo.app/assets/node_modules/@react-navigation/elements/src/assets/back-icon.png ... 
2022-12-24 14:12:15 +0000  290 bytes for ./Payload/Buffalo.app/assets/node_modules/@react-navigation/elements/src/assets/back-icon.png
copying file ./Payload/Buffalo.app/assets/node_modules/@react-navigation/elements/src/assets/back-icon-mask.png ... 
2022-12-24 14:12:15 +0000  913 bytes for ./Payload/Buffalo.app/assets/node_modules/@react-navigation/elements/src/assets/back-icon-mask.png
2022-12-24 14:12:15 +0000  copying file ./Payload/Buffalo.app/assets/node_modules/react-native-paper/src/assets/back-chevron.png ... 
489 bytes for ./Payload/Buffalo.app/assets/node_modules/react-native-paper/src/assets/back-chevron.png
2022-12-24 14:12:15 +0000  copying file ./Payload/Buffalo.app/assets/node_modules/@expo/vector-icons/build/vendor/react-native-vector-icons/Fonts/MaterialCommunityIcons.ttf ... 
2022-12-24 14:12:15 +0000  1147844 bytes for ./Payload/Buffalo.app/assets/node_modules/@expo/vector-icons/build/vendor/react-native-vector-icons/Fonts/MaterialCommunityIcons.ttf
2022-12-24 14:12:15 +0000  copying file ./Payload/Buffalo.app/assets/assets/order/order-take-away.png ... 
2022-12-24 14:12:15 +0000  44995 bytes for ./Payload/Buffalo.app/assets/assets/order/order-take-away.png
copying file ./Payload/Buffalo.app/assets/assets/order/order-delivery.png ... 
2022-12-24 14:12:15 +0000  33601 bytes for ./Payload/Buffalo.app/assets/assets/order/order-delivery.png
2022-12-24 14:12:15 +0000  copying file ./Payload/Buffalo.app/assets/assets/menu/gradiant/truffle.png ... 
2022-12-24 14:12:15 +0000  901656 bytes for ./Payload/Buffalo.app/assets/assets/menu/gradiant/truffle.png
2022-12-24 14:12:15 +0000  copying file ./Payload/Buffalo.app/assets/assets/menu/gradiant/burgerSlice.png ... 
2022-12-24 14:12:15 +0000  1801608 bytes for ./Payload/Buffalo.app/assets/assets/menu/gradiant/burgerSlice.png
2022-12-24 14:12:15 +0000  copying file ./Payload/Buffalo.app/assets/assets/menu/gradiant/cheese.png ... 
2022-12-24 14:12:15 +0000  417121 bytes for ./Payload/Buffalo.app/assets/assets/menu/gradiant/cheese.png
copying file ./Payload/Buffalo.app/assets/assets/menu/gradiant/friedOnion.png ... 
2022-12-24 14:12:15 +0000  1415724 bytes for ./Payload/Buffalo.app/assets/assets/menu/gradiant/friedOnion.png
2022-12-24 14:12:15 +0000  copying file ./Payload/Buffalo.app/assets/assets/menu/gradiant/baecon.png ... 
2022-12-24 14:12:15 +0000  1494298 bytes for ./Payload/Buffalo.app/assets/assets/menu/gradiant/baecon.png
2022-12-24 14:12:15 +0000  copying file ./Payload/Buffalo.app/assets/assets/menu/gradiant/jalapeno.png ... 
2022-12-24 14:12:15 +0000  1798129 bytes for ./Payload/Buffalo.app/assets/assets/menu/gradiant/jalapeno.png
copying file ./Payload/Buffalo.app/assets/assets/menu/gradiant/egg.png ... 
2022-12-24 14:12:15 +0000  708148 bytes for ./Payload/Buffalo.app/assets/assets/menu/gradiant/egg.png
2022-12-24 14:12:15 +0000  copying file ./Payload/Buffalo.app/assets/assets/menu/burgers/cheesyBurger.png ... 
2022-12-24 14:12:15 +0000  1578717 bytes for ./Payload/Buffalo.app/assets/assets/menu/burgers/cheesyBurger.png
2022-12-24 14:12:15 +0000  copying file ./Payload/Buffalo.app/assets/assets/menu/burgers/chickenBurger.png ... 
2022-12-24 14:12:16 +0000  2075893 bytes for ./Payload/Buffalo.app/assets/assets/menu/burgers/chickenBurger.png
2022-12-24 14:12:16 +0000  copying file ./Payload/Buffalo.app/assets/assets/menu/burgers/baconBurger.png ... 
2022-12-24 14:12:16 +0000  2220454 bytes for ./Payload/Buffalo.app/assets/assets/menu/burgers/baconBurger.png
copying file ./Payload/Buffalo.app/assets/assets/menu/burgers/classicBurger.png ... 
2022-12-24 14:12:16 +0000  1732966 bytes for ./Payload/Buffalo.app/assets/assets/menu/burgers/classicBurger.png
2022-12-24 14:12:16 +0000  copying file ./Payload/Buffalo.app/assets/assets/menu/burgers/cheesyCartel.png ... 
2022-12-24 14:12:16 +0000  1525089 bytes for ./Payload/Buffalo.app/assets/assets/menu/burgers/cheesyCartel.png
2022-12-24 14:12:16 +0000  copying file ./Payload/Buffalo.app/assets/assets/menu/burgers/cheesyCrispy.png ... 
2022-12-24 14:12:16 +0000  1754083 bytes for ./Payload/Buffalo.app/assets/assets/menu/burgers/cheesyCrispy.png
2022-12-24 14:12:16 +0000  copying file ./Payload/Buffalo.app/assets/assets/menu/burgers/buffaloBurger.png ... 
2022-12-24 14:12:16 +0000  2386961 bytes for ./Payload/Buffalo.app/assets/assets/menu/burgers/buffaloBurger.png
2022-12-24 14:12:16 +0000  copying file ./Payload/Buffalo.app/assets/assets/menu/burgers/havaneroBurger.png ... 
2022-12-24 14:12:16 +0000  1957683 bytes for ./Payload/Buffalo.app/assets/assets/menu/burgers/havaneroBurger.png
copying file ./Payload/Buffalo.app/assets/assets/menu/burgers/spiceyCrispy.png ... 
2022-12-24 14:12:16 +0000  1689204 bytes for ./Payload/Buffalo.app/assets/assets/menu/burgers/spiceyCrispy.png
2022-12-24 14:12:16 +0000  copying file ./Payload/Buffalo.app/assets/assets/burj.png ... 
2022-12-24 14:12:16 +0000  3000525 bytes for ./Payload/Buffalo.app/assets/assets/burj.png
2022-12-24 14:12:16 +0000  copying file ./Payload/Buffalo.app/assets/assets/buffalo_logo.png ... 
3120 bytes for ./Payload/Buffalo.app/assets/assets/buffalo_logo.png
copying file ./Payload/Buffalo.app/assets/assets/splash-screen-1.png ... 
2022-12-24 14:12:16 +0000  229341 bytes for ./Payload/Buffalo.app/assets/assets/splash-screen-1.png
2022-12-24 14:12:16 +0000  copying file ./Payload/Buffalo.app/assets/assets/logo-banner.png ... 
2022-12-24 14:12:16 +0000  32899 bytes for ./Payload/Buffalo.app/assets/assets/logo-banner.png
2022-12-24 14:12:16 +0000  copying file ./Payload/Buffalo.app/assets/assets/fonts/he/Light.ttf ... 
2022-12-24 14:12:16 +0000  123476 bytes for ./Payload/Buffalo.app/assets/assets/fonts/he/Light.ttf
2022-12-24 14:12:16 +0000  copying file ./Payload/Buffalo.app/assets/assets/fonts/he/SemiBold.ttf ... 
2022-12-24 14:12:16 +0000  124164 bytes for ./Payload/Buffalo.app/assets/assets/fonts/he/SemiBold.ttf
2022-12-24 14:12:16 +0000  copying file ./Payload/Buffalo.app/assets/assets/fonts/he/Medium.ttf ... 
2022-12-24 14:12:16 +0000  124176 bytes for ./Payload/Buffalo.app/assets/assets/fonts/he/Medium.ttf
2022-12-24 14:12:16 +0000  copying file ./Payload/Buffalo.app/assets/assets/fonts/he/Black.ttf ... 
2022-12-24 14:12:16 +0000  123660 bytes for ./Payload/Buffalo.app/assets/assets/fonts/he/Black.ttf
2022-12-24 14:12:16 +0000  copying file ./Payload/Buffalo.app/assets/assets/fonts/he/ExtraBold.ttf ... 
2022-12-24 14:12:16 +0000  123964 bytes for ./Payload/Buffalo.app/assets/assets/fonts/he/ExtraBold.ttf
copying file ./Payload/Buffalo.app/assets/assets/fonts/he/Bold.ttf ... 
2022-12-24 14:12:16 +0000  124096 bytes for ./Payload/Buffalo.app/assets/assets/fonts/he/Bold.ttf
2022-12-24 14:12:16 +0000  copying file ./Payload/Buffalo.app/assets/assets/fonts/he/Regular.ttf ... 
2022-12-24 14:12:16 +0000  124236 bytes for ./Payload/Buffalo.app/assets/assets/fonts/he/Regular.ttf
2022-12-24 14:12:16 +0000  copying file ./Payload/Buffalo.app/assets/assets/fonts/ar/Light.ttf ... 
2022-12-24 14:12:16 +0000  202912 bytes for ./Payload/Buffalo.app/assets/assets/fonts/ar/Light.ttf
copying file ./Payload/Buffalo.app/assets/assets/fonts/ar/SemiBold.ttf ... 
2022-12-24 14:12:16 +0000  201248 bytes for ./Payload/Buffalo.app/assets/assets/fonts/ar/SemiBold.ttf
2022-12-24 14:12:16 +0000  copying file ./Payload/Buffalo.app/assets/assets/fonts/ar/Medium.ttf ... 
2022-12-24 14:12:16 +0000  202276 bytes for ./Payload/Buffalo.app/assets/assets/fonts/ar/Medium.ttf
2022-12-24 14:12:16 +0000  copying file ./Payload/Buffalo.app/assets/assets/fonts/ar/Black.ttf ... 
2022-12-24 14:12:16 +0000  206052 bytes for ./Payload/Buffalo.app/assets/assets/fonts/ar/Black.ttf
2022-12-24 14:12:16 +0000  copying file ./Payload/Buffalo.app/assets/assets/fonts/ar/ExtraBold.ttf ... 
2022-12-24 14:12:16 +0000  202044 bytes for ./Payload/Buffalo.app/assets/assets/fonts/ar/ExtraBold.ttf
2022-12-24 14:12:16 +0000  copying file ./Payload/Buffalo.app/assets/assets/fonts/ar/Bold.ttf ... 
2022-12-24 14:12:16 +0000  202012 bytes for ./Payload/Buffalo.app/assets/assets/fonts/ar/Bold.ttf
2022-12-24 14:12:16 +0000  copying file ./Payload/Buffalo.app/assets/assets/fonts/ar/Regular.ttf ... 
2022-12-24 14:12:16 +0000  201456 bytes for ./Payload/Buffalo.app/assets/assets/fonts/ar/Regular.ttf
2022-12-24 14:12:16 +0000  copying file ./Payload/Buffalo.app/Info.plist ... 
2022-12-24 14:12:16 +0000  1924 bytes for ./Payload/Buffalo.app/Info.plist
copying file ./Payload/Buffalo.app/Expo.plist ... 
243 bytes for ./Payload/Buffalo.app/Expo.plist
2022-12-24 14:12:16 +0000  copying file ./Payload/Buffalo.app/PkgInfo ... 
8 bytes for ./Payload/Buffalo.app/PkgInfo
2022-12-24 14:12:16 +0000  copying file ./Symbols/B62E3A40-DB07-3813-904A-86F34A9E11F8.symbols ... 
2022-12-24 14:12:16 +0000  12250404 bytes for ./Symbols/B62E3A40-DB07-3813-904A-86F34A9E11F8.symbols
2022-12-24 14:12:16 +0000  /usr/bin/ditto exited with 0
2022-12-24 14:12:16 +0000  Processing step: IDEDistributionAppStoreInformationStep
2022-12-24 14:12:16 +0000  Skipping step: IDEDistributionAppStoreInformationStep because it said so
2022-12-24 14:12:16 +0000  Processing step: IDEDistributionGenerateProcessedDistributionItems
2022-12-24 14:12:16 +0000  IDEDistributionItem init <DVTFilePath:0x6000152bdb90:'/var/folders/l5/6ysx_pm11d77l7y2vgl1hjv00000gn/T/XcodeDistPipeline.~~~bkagtJ/Root/Payload/Buffalo.app'>
2022-12-24 14:12:16 +0000  Processing step: IDEDistributionCreateManifestStep
2022-12-24 14:12:16 +0000  Skipping step: IDEDistributionCreateManifestStep because it said so
